#-----------------------------------------------------------
# Vivado v2024.1 (64-bit)
# SW Build 5076996 on Wed May 22 18:37:14 MDT 2024
# IP Build 5075265 on Wed May 22 21:45:21 MDT 2024
# SharedData Build 5076995 on Wed May 22 18:29:18 MDT 2024
# Start of session at: Mon Jan  5 21:37:25 2026
# Process ID: 12892
# Current directory: C:/ProjectenVivado/Academiejaar_25-26/EOS-Project/EOS-Project.runs/design_1_v_tpg_0_0_synth_1/prj/sol/impl/ip
# Command line: vivado.exe -notrace -mode batch -source run_ippack.tcl
# Log file: C:/ProjectenVivado/Academiejaar_25-26/EOS-Project/EOS-Project.runs/design_1_v_tpg_0_0_synth_1/prj/sol/impl/ip/vivado.log
# Journal file: C:/ProjectenVivado/Academiejaar_25-26/EOS-Project/EOS-Project.runs/design_1_v_tpg_0_0_synth_1/prj/sol/impl/ip\vivado.jou
# Running On        :FICSIT-Property
# Platform          :Windows Server 2016 or Windows 10
# Operating System  :26200
# Processor Detail  :12th Gen Intel(R) Core(TM) i7-12700H
# CPU Frequency     :2688 MHz
# CPU Physical cores:14
# CPU Logical cores :20
# Host memory       :16870 MB
# Swap memory       :5940 MB
# Total Virtual     :22810 MB
# Available Virtual :6595 MB
#-----------------------------------------------------------
source run_ippack.tcl -notrace
INFO: calling package_hls_ip ip_types=vitis sysgen json_file=C:/ProjectenVivado/Academiejaar_25-26/EOS-Project/EOS-Project.runs/design_1_v_tpg_0_0_synth_1/prj/sol/sol_data.json outdir=C:/ProjectenVivado/Academiejaar_25-26/EOS-Project/EOS-Project.runs/design_1_v_tpg_0_0_synth_1/prj/sol/impl/ip srcdir=C:/ProjectenVivado/Academiejaar_25-26/EOS-Project/EOS-Project.runs/design_1_v_tpg_0_0_synth_1/prj/sol sort_interfaces_ports=false
INFO: Copied 1 ipmisc file(s) to C:/ProjectenVivado/Academiejaar_25-26/EOS-Project/EOS-Project.runs/design_1_v_tpg_0_0_synth_1/prj/sol/impl/ip/misc
INFO: Copied 103 verilog file(s) to C:/ProjectenVivado/Academiejaar_25-26/EOS-Project/EOS-Project.runs/design_1_v_tpg_0_0_synth_1/prj/sol/impl/ip/hdl/verilog
INFO: Copied 70 vhdl file(s) to C:/ProjectenVivado/Academiejaar_25-26/EOS-Project/EOS-Project.runs/design_1_v_tpg_0_0_synth_1/prj/sol/impl/ip/hdl/vhdl
INFO: Copied 10 swdriver file(s) to C:/ProjectenVivado/Academiejaar_25-26/EOS-Project/EOS-Project.runs/design_1_v_tpg_0_0_synth_1/prj/sol/impl/ip/drivers
ipx::create_core: Time (s): cpu = 00:00:06 ; elapsed = 00:00:07 . Memory (MB): peak = 509.707 ; gain = 194.727
INFO: Import ports from HDL: C:/ProjectenVivado/Academiejaar_25-26/EOS-Project/EOS-Project.runs/design_1_v_tpg_0_0_synth_1/prj/sol/impl/ip/hdl/vhdl/design_1_v_tpg_0_0_v_tpg.vhd (design_1_v_tpg_0_0_v_tpg)
INFO: Add axi4lite interface s_axi_CTRL
INFO: Add clock interface ap_clk
INFO: Add reset interface ap_rst_n
INFO: Add interrupt interface interrupt
INFO: [IP_Flow 19-234] Refreshing IP repositories
INFO: [IP_Flow 19-1704] No user IP repositories specified
INFO: [IP_Flow 19-2313] Loaded Vivado IP repository 'C:/Xilinx/Vivado/2024.1/data/ip'.
INFO: Add data interface fid_in
INFO: Add axi4stream interface m_axis_video
INFO: Add data interface fid
INFO: Calling post_process_vitis to specialize IP
INFO: Calling post_process_sysgen to specialize IP
Generating sysgen info xml from json file
INFO: Created IP C:/ProjectenVivado/Academiejaar_25-26/EOS-Project/EOS-Project.runs/design_1_v_tpg_0_0_synth_1/prj/sol/impl/ip/component.xml
ipx::archive_core: Time (s): cpu = 00:00:00 ; elapsed = 00:00:05 . Memory (MB): peak = 514.668 ; gain = 0.000
INFO: Created IP archive C:/ProjectenVivado/Academiejaar_25-26/EOS-Project/EOS-Project.runs/design_1_v_tpg_0_0_synth_1/prj/sol/impl/ip/xilinx_com_ip_v_tpg_8_2.zip
INFO: [Common 17-206] Exiting Vivado at Mon Jan  5 21:37:42 2026...
