14:55:19 DEBUG : Logs will be stored at 'C:/ProjectenVivado/Academiejaar_25-26/EOS-Project/Vitis/IDE.log'.
14:55:22 INFO  : Registering command handlers for Vitis TCF services
14:55:22 INFO  : Launching XSCT server: xsct.bat -n  -interactive C:\ProjectenVivado\Academiejaar_25-26\EOS-Project\Vitis\temp_xsdb_launch_script.tcl
14:55:22 INFO  : Platform repository initialization has completed.
14:55:22 ERROR : (XSDB Server)'\gnu\microblaze\lin\bin\' is not recognized as an internal or external command,
operable program or batch file.

14:55:22 ERROR : (XSDB Server)'\gnu\microblaze\nt\bin\' is not recognized as an internal or external command,
operable program or batch file.

14:55:22 ERROR : (XSDB Server)'\gnuwin\bin\' is not recognized as an internal or external command,
operable program or batch file.

14:55:24 INFO  : XSCT server has started successfully.
14:55:34 INFO  : Successfully done setting XSCT server connection channel  
14:55:34 INFO  : plnx-install-location is set to ''
14:55:34 INFO  : Successfully done query RDI_DATADIR 
14:55:34 INFO  : Successfully done setting workspace for the tool. 
14:55:59 INFO  : Result from executing command 'getProjects': EOS-Project
14:55:59 INFO  : Result from executing command 'getPlatforms': 
14:56:22 INFO  : Result from executing command 'getProjects': EOS-Project
14:56:22 INFO  : Result from executing command 'getPlatforms': EOS-Project|C:/ProjectenVivado/Academiejaar_25-26/EOS-Project/Vitis/EOS-Project/export/EOS-Project/EOS-Project.xpfm
14:56:44 INFO  : Result from executing command 'getProjects': EOS-Project
14:56:44 INFO  : Result from executing command 'getPlatforms': EOS-Project|C:/ProjectenVivado/Academiejaar_25-26/EOS-Project/Vitis/EOS-Project/export/EOS-Project/EOS-Project.xpfm
14:56:56 ERROR : Error occurred while generating bsp sources for the domain 'freertos'.
14:57:35 INFO  : Result from executing command 'getProjects': EOS-Project
14:57:35 INFO  : Result from executing command 'getPlatforms': EOS-Project|C:/ProjectenVivado/Academiejaar_25-26/EOS-Project/Vitis/EOS-Project/export/EOS-Project/EOS-Project.xpfm
15:04:40 INFO  : Checking for BSP changes to sync application flags for project 'EOS-UDP'...
15:21:20 INFO  : Checking for BSP changes to sync application flags for project 'EOS-UDP'...
15:21:30 INFO  : Connected to target on host '127.0.0.1' and port '3121'.
15:21:31 INFO  : Jtag cable 'Xilinx HW-FTDI-TEST FT2232H 1234-tulA' is selected.
15:21:31 INFO  : 'jtag frequency' command is executed.
15:21:31 INFO  : Context for 'APU' is selected.
15:21:31 INFO  : System reset is completed.
15:21:34 INFO  : 'after 3000' command is executed.
15:21:34 INFO  : 'targets -set -filter {jtag_cable_name =~ "Xilinx HW-FTDI-TEST FT2232H 1234-tulA" && level==0 && jtag_device_ctx=="jsn-HW-FTDI-TEST FT2232H-1234-tulA-23727093-0"}' command is executed.
15:21:36 INFO  : Device configured successfully with "C:/ProjectenVivado/Academiejaar_25-26/EOS-Project/Vitis/EOS-UDP/_ide/bitstream/design_1_wrapper.bit"
15:21:36 INFO  : Context for 'APU' is selected.
15:21:36 INFO  : Hardware design and registers information is loaded from 'C:/ProjectenVivado/Academiejaar_25-26/EOS-Project/Vitis/EOS-Project/export/EOS-Project/hw/design_1_wrapper.xsa'.
15:21:36 INFO  : 'configparams force-mem-access 1' command is executed.
15:21:36 INFO  : Context for 'APU' is selected.
15:21:36 INFO  : Sourcing of 'C:/ProjectenVivado/Academiejaar_25-26/EOS-Project/Vitis/EOS-UDP/_ide/psinit/ps7_init.tcl' is done.
15:21:37 INFO  : 'ps7_init' command is executed.
15:21:37 INFO  : 'ps7_post_config' command is executed.
15:21:37 INFO  : Context for processor 'ps7_cortexa9_0' is selected.
15:21:37 INFO  : The application 'C:/ProjectenVivado/Academiejaar_25-26/EOS-Project/Vitis/EOS-UDP/Debug/EOS-UDP.elf' is downloaded to processor 'ps7_cortexa9_0'.
15:21:37 INFO  : 'configparams force-mem-access 0' command is executed.
15:21:37 INFO  : ----------------XSDB Script----------------
connect -url tcp:127.0.0.1:3121
targets -set -nocase -filter {name =~"APU*"}
rst -system
after 3000
targets -set -filter {jtag_cable_name =~ "Xilinx HW-FTDI-TEST FT2232H 1234-tulA" && level==0 && jtag_device_ctx=="jsn-HW-FTDI-TEST FT2232H-1234-tulA-23727093-0"}
fpga -file C:/ProjectenVivado/Academiejaar_25-26/EOS-Project/Vitis/EOS-UDP/_ide/bitstream/design_1_wrapper.bit
targets -set -nocase -filter {name =~"APU*"}
loadhw -hw C:/ProjectenVivado/Academiejaar_25-26/EOS-Project/Vitis/EOS-Project/export/EOS-Project/hw/design_1_wrapper.xsa -mem-ranges [list {0x40000000 0xbfffffff}] -regs
configparams force-mem-access 1
targets -set -nocase -filter {name =~"APU*"}
source C:/ProjectenVivado/Academiejaar_25-26/EOS-Project/Vitis/EOS-UDP/_ide/psinit/ps7_init.tcl
ps7_init
ps7_post_config
targets -set -nocase -filter {name =~ "*A9*#0"}
dow C:/ProjectenVivado/Academiejaar_25-26/EOS-Project/Vitis/EOS-UDP/Debug/EOS-UDP.elf
configparams force-mem-access 0
----------------End of Script----------------

15:21:37 INFO  : Context for processor 'ps7_cortexa9_0' is selected.
15:21:37 INFO  : 'con' command is executed.
15:21:37 INFO  : ----------------XSDB Script (After Launch)----------------
targets -set -nocase -filter {name =~ "*A9*#0"}
con
----------------End of Script----------------

15:21:37 INFO  : Launch script is exported to file 'C:\ProjectenVivado\Academiejaar_25-26\EOS-Project\Vitis\EOS-UDP_system\_ide\scripts\debugger_eos-udp-default.tcl'
15:25:23 INFO  : Checking for BSP changes to sync application flags for project 'EOS-UDP'...
15:25:35 INFO  : Connected to target on host '127.0.0.1' and port '3121'.
15:25:35 INFO  : Jtag cable 'Xilinx HW-FTDI-TEST FT2232H 1234-tulA' is selected.
15:25:35 INFO  : 'jtag frequency' command is executed.
15:25:35 INFO  : Context for 'APU' is selected.
15:25:35 INFO  : System reset is completed.
15:25:38 INFO  : 'after 3000' command is executed.
15:25:38 INFO  : 'targets -set -filter {jtag_cable_name =~ "Xilinx HW-FTDI-TEST FT2232H 1234-tulA" && level==0 && jtag_device_ctx=="jsn-HW-FTDI-TEST FT2232H-1234-tulA-23727093-0"}' command is executed.
15:25:40 INFO  : Device configured successfully with "C:/ProjectenVivado/Academiejaar_25-26/EOS-Project/Vitis/EOS-UDP/_ide/bitstream/design_1_wrapper.bit"
15:25:40 INFO  : Context for 'APU' is selected.
15:25:40 INFO  : Hardware design and registers information is loaded from 'C:/ProjectenVivado/Academiejaar_25-26/EOS-Project/Vitis/EOS-Project/export/EOS-Project/hw/design_1_wrapper.xsa'.
15:25:40 INFO  : 'configparams force-mem-access 1' command is executed.
15:25:40 INFO  : Context for 'APU' is selected.
15:25:40 INFO  : Sourcing of 'C:/ProjectenVivado/Academiejaar_25-26/EOS-Project/Vitis/EOS-UDP/_ide/psinit/ps7_init.tcl' is done.
15:25:41 INFO  : 'ps7_init' command is executed.
15:25:41 INFO  : 'ps7_post_config' command is executed.
15:25:41 INFO  : Context for processor 'ps7_cortexa9_0' is selected.
15:25:41 INFO  : The application 'C:/ProjectenVivado/Academiejaar_25-26/EOS-Project/Vitis/EOS-UDP/Debug/EOS-UDP.elf' is downloaded to processor 'ps7_cortexa9_0'.
15:25:41 INFO  : 'configparams force-mem-access 0' command is executed.
15:25:41 INFO  : ----------------XSDB Script----------------
connect -url tcp:127.0.0.1:3121
targets -set -nocase -filter {name =~"APU*"}
rst -system
after 3000
targets -set -filter {jtag_cable_name =~ "Xilinx HW-FTDI-TEST FT2232H 1234-tulA" && level==0 && jtag_device_ctx=="jsn-HW-FTDI-TEST FT2232H-1234-tulA-23727093-0"}
fpga -file C:/ProjectenVivado/Academiejaar_25-26/EOS-Project/Vitis/EOS-UDP/_ide/bitstream/design_1_wrapper.bit
targets -set -nocase -filter {name =~"APU*"}
loadhw -hw C:/ProjectenVivado/Academiejaar_25-26/EOS-Project/Vitis/EOS-Project/export/EOS-Project/hw/design_1_wrapper.xsa -mem-ranges [list {0x40000000 0xbfffffff}] -regs
configparams force-mem-access 1
targets -set -nocase -filter {name =~"APU*"}
source C:/ProjectenVivado/Academiejaar_25-26/EOS-Project/Vitis/EOS-UDP/_ide/psinit/ps7_init.tcl
ps7_init
ps7_post_config
targets -set -nocase -filter {name =~ "*A9*#0"}
dow C:/ProjectenVivado/Academiejaar_25-26/EOS-Project/Vitis/EOS-UDP/Debug/EOS-UDP.elf
configparams force-mem-access 0
----------------End of Script----------------

15:25:41 INFO  : Context for processor 'ps7_cortexa9_0' is selected.
15:25:41 INFO  : 'con' command is executed.
15:25:41 INFO  : ----------------XSDB Script (After Launch)----------------
targets -set -nocase -filter {name =~ "*A9*#0"}
con
----------------End of Script----------------

15:25:41 INFO  : Launch script is exported to file 'C:\ProjectenVivado\Academiejaar_25-26\EOS-Project\Vitis\EOS-UDP_system\_ide\scripts\debugger_eos-udp-default.tcl'
15:59:08 INFO  : Disconnected from the channel tcfchan#3.
15:59:09 INFO  : Connected to target on host '127.0.0.1' and port '3121'.
15:59:09 INFO  : Jtag cable 'Xilinx HW-FTDI-TEST FT2232H 1234-tulA' is selected.
15:59:09 INFO  : 'jtag frequency' command is executed.
15:59:09 INFO  : Context for 'APU' is selected.
15:59:09 INFO  : System reset is completed.
15:59:12 INFO  : 'after 3000' command is executed.
15:59:12 INFO  : 'targets -set -filter {jtag_cable_name =~ "Xilinx HW-FTDI-TEST FT2232H 1234-tulA" && level==0 && jtag_device_ctx=="jsn-HW-FTDI-TEST FT2232H-1234-tulA-23727093-0"}' command is executed.
15:59:15 INFO  : Device configured successfully with "C:/ProjectenVivado/Academiejaar_25-26/EOS-Project/Vitis/EOS-UDP/_ide/bitstream/design_1_wrapper.bit"
15:59:15 INFO  : Context for 'APU' is selected.
15:59:15 INFO  : Hardware design and registers information is loaded from 'C:/ProjectenVivado/Academiejaar_25-26/EOS-Project/Vitis/EOS-Project/export/EOS-Project/hw/design_1_wrapper.xsa'.
15:59:15 INFO  : 'configparams force-mem-access 1' command is executed.
15:59:15 INFO  : Context for 'APU' is selected.
15:59:15 INFO  : Sourcing of 'C:/ProjectenVivado/Academiejaar_25-26/EOS-Project/Vitis/EOS-UDP/_ide/psinit/ps7_init.tcl' is done.
15:59:15 INFO  : 'ps7_init' command is executed.
15:59:15 INFO  : 'ps7_post_config' command is executed.
15:59:15 INFO  : Context for processor 'ps7_cortexa9_0' is selected.
15:59:15 INFO  : The application 'C:/ProjectenVivado/Academiejaar_25-26/EOS-Project/Vitis/EOS-UDP/Debug/EOS-UDP.elf' is downloaded to processor 'ps7_cortexa9_0'.
15:59:15 INFO  : 'configparams force-mem-access 0' command is executed.
15:59:15 INFO  : ----------------XSDB Script----------------
connect -url tcp:127.0.0.1:3121
targets -set -nocase -filter {name =~"APU*"}
rst -system
after 3000
targets -set -filter {jtag_cable_name =~ "Xilinx HW-FTDI-TEST FT2232H 1234-tulA" && level==0 && jtag_device_ctx=="jsn-HW-FTDI-TEST FT2232H-1234-tulA-23727093-0"}
fpga -file C:/ProjectenVivado/Academiejaar_25-26/EOS-Project/Vitis/EOS-UDP/_ide/bitstream/design_1_wrapper.bit
targets -set -nocase -filter {name =~"APU*"}
loadhw -hw C:/ProjectenVivado/Academiejaar_25-26/EOS-Project/Vitis/EOS-Project/export/EOS-Project/hw/design_1_wrapper.xsa -mem-ranges [list {0x40000000 0xbfffffff}] -regs
configparams force-mem-access 1
targets -set -nocase -filter {name =~"APU*"}
source C:/ProjectenVivado/Academiejaar_25-26/EOS-Project/Vitis/EOS-UDP/_ide/psinit/ps7_init.tcl
ps7_init
ps7_post_config
targets -set -nocase -filter {name =~ "*A9*#0"}
dow C:/ProjectenVivado/Academiejaar_25-26/EOS-Project/Vitis/EOS-UDP/Debug/EOS-UDP.elf
configparams force-mem-access 0
----------------End of Script----------------

15:59:15 INFO  : Context for processor 'ps7_cortexa9_0' is selected.
15:59:15 INFO  : 'con' command is executed.
15:59:15 INFO  : ----------------XSDB Script (After Launch)----------------
targets -set -nocase -filter {name =~ "*A9*#0"}
con
----------------End of Script----------------

15:59:15 INFO  : Launch script is exported to file 'C:\ProjectenVivado\Academiejaar_25-26\EOS-Project\Vitis\EOS-UDP_system\_ide\scripts\debugger_eos-udp-default_1.tcl'
16:02:05 INFO  : Checking for BSP changes to sync application flags for project 'EOS-UDP'...
16:02:10 INFO  : Connected to target on host '127.0.0.1' and port '3121'.
16:02:11 INFO  : Jtag cable 'Xilinx HW-FTDI-TEST FT2232H 1234-tulA' is selected.
16:02:11 INFO  : 'jtag frequency' command is executed.
16:02:11 INFO  : Context for 'APU' is selected.
16:02:11 INFO  : System reset is completed.
16:02:14 INFO  : 'after 3000' command is executed.
16:02:14 INFO  : 'targets -set -filter {jtag_cable_name =~ "Xilinx HW-FTDI-TEST FT2232H 1234-tulA" && level==0 && jtag_device_ctx=="jsn-HW-FTDI-TEST FT2232H-1234-tulA-23727093-0"}' command is executed.
16:02:16 INFO  : Device configured successfully with "C:/ProjectenVivado/Academiejaar_25-26/EOS-Project/Vitis/EOS-UDP/_ide/bitstream/design_1_wrapper.bit"
16:02:16 INFO  : Context for 'APU' is selected.
16:02:16 INFO  : Hardware design and registers information is loaded from 'C:/ProjectenVivado/Academiejaar_25-26/EOS-Project/Vitis/EOS-Project/export/EOS-Project/hw/design_1_wrapper.xsa'.
16:02:16 INFO  : 'configparams force-mem-access 1' command is executed.
16:02:16 INFO  : Context for 'APU' is selected.
16:02:16 INFO  : Sourcing of 'C:/ProjectenVivado/Academiejaar_25-26/EOS-Project/Vitis/EOS-UDP/_ide/psinit/ps7_init.tcl' is done.
16:02:16 INFO  : 'ps7_init' command is executed.
16:02:16 INFO  : 'ps7_post_config' command is executed.
16:02:16 INFO  : Context for processor 'ps7_cortexa9_0' is selected.
16:02:17 INFO  : The application 'C:/ProjectenVivado/Academiejaar_25-26/EOS-Project/Vitis/EOS-UDP/Debug/EOS-UDP.elf' is downloaded to processor 'ps7_cortexa9_0'.
16:02:17 INFO  : 'configparams force-mem-access 0' command is executed.
16:02:17 INFO  : ----------------XSDB Script----------------
connect -url tcp:127.0.0.1:3121
targets -set -nocase -filter {name =~"APU*"}
rst -system
after 3000
targets -set -filter {jtag_cable_name =~ "Xilinx HW-FTDI-TEST FT2232H 1234-tulA" && level==0 && jtag_device_ctx=="jsn-HW-FTDI-TEST FT2232H-1234-tulA-23727093-0"}
fpga -file C:/ProjectenVivado/Academiejaar_25-26/EOS-Project/Vitis/EOS-UDP/_ide/bitstream/design_1_wrapper.bit
targets -set -nocase -filter {name =~"APU*"}
loadhw -hw C:/ProjectenVivado/Academiejaar_25-26/EOS-Project/Vitis/EOS-Project/export/EOS-Project/hw/design_1_wrapper.xsa -mem-ranges [list {0x40000000 0xbfffffff}] -regs
configparams force-mem-access 1
targets -set -nocase -filter {name =~"APU*"}
source C:/ProjectenVivado/Academiejaar_25-26/EOS-Project/Vitis/EOS-UDP/_ide/psinit/ps7_init.tcl
ps7_init
ps7_post_config
targets -set -nocase -filter {name =~ "*A9*#0"}
dow C:/ProjectenVivado/Academiejaar_25-26/EOS-Project/Vitis/EOS-UDP/Debug/EOS-UDP.elf
configparams force-mem-access 0
----------------End of Script----------------

16:02:17 INFO  : Context for processor 'ps7_cortexa9_0' is selected.
16:02:17 INFO  : 'con' command is executed.
16:02:17 INFO  : ----------------XSDB Script (After Launch)----------------
targets -set -nocase -filter {name =~ "*A9*#0"}
con
----------------End of Script----------------

16:02:17 INFO  : Launch script is exported to file 'C:\ProjectenVivado\Academiejaar_25-26\EOS-Project\Vitis\EOS-UDP_system\_ide\scripts\debugger_eos-udp-default.tcl'
16:31:51 INFO  : Checking for BSP changes to sync application flags for project 'EOS-UDP'...
16:31:59 INFO  : Connected to target on host '127.0.0.1' and port '3121'.
16:32:00 INFO  : Jtag cable 'Xilinx HW-FTDI-TEST FT2232H 1234-tulA' is selected.
16:32:00 INFO  : 'jtag frequency' command is executed.
16:32:00 INFO  : Context for 'APU' is selected.
16:32:00 INFO  : System reset is completed.
16:32:03 INFO  : 'after 3000' command is executed.
16:32:03 INFO  : 'targets -set -filter {jtag_cable_name =~ "Xilinx HW-FTDI-TEST FT2232H 1234-tulA" && level==0 && jtag_device_ctx=="jsn-HW-FTDI-TEST FT2232H-1234-tulA-23727093-0"}' command is executed.
16:32:05 INFO  : Device configured successfully with "C:/ProjectenVivado/Academiejaar_25-26/EOS-Project/Vitis/EOS-UDP/_ide/bitstream/design_1_wrapper.bit"
16:32:05 INFO  : Context for 'APU' is selected.
16:32:05 INFO  : Hardware design and registers information is loaded from 'C:/ProjectenVivado/Academiejaar_25-26/EOS-Project/Vitis/EOS-Project/export/EOS-Project/hw/design_1_wrapper.xsa'.
16:32:05 INFO  : 'configparams force-mem-access 1' command is executed.
16:32:05 INFO  : Context for 'APU' is selected.
16:32:05 INFO  : Sourcing of 'C:/ProjectenVivado/Academiejaar_25-26/EOS-Project/Vitis/EOS-UDP/_ide/psinit/ps7_init.tcl' is done.
16:32:05 INFO  : 'ps7_init' command is executed.
16:32:05 INFO  : 'ps7_post_config' command is executed.
16:32:05 INFO  : Context for processor 'ps7_cortexa9_0' is selected.
16:32:06 INFO  : The application 'C:/ProjectenVivado/Academiejaar_25-26/EOS-Project/Vitis/EOS-UDP/Debug/EOS-UDP.elf' is downloaded to processor 'ps7_cortexa9_0'.
16:32:06 INFO  : 'configparams force-mem-access 0' command is executed.
16:32:06 INFO  : ----------------XSDB Script----------------
connect -url tcp:127.0.0.1:3121
targets -set -nocase -filter {name =~"APU*"}
rst -system
after 3000
targets -set -filter {jtag_cable_name =~ "Xilinx HW-FTDI-TEST FT2232H 1234-tulA" && level==0 && jtag_device_ctx=="jsn-HW-FTDI-TEST FT2232H-1234-tulA-23727093-0"}
fpga -file C:/ProjectenVivado/Academiejaar_25-26/EOS-Project/Vitis/EOS-UDP/_ide/bitstream/design_1_wrapper.bit
targets -set -nocase -filter {name =~"APU*"}
loadhw -hw C:/ProjectenVivado/Academiejaar_25-26/EOS-Project/Vitis/EOS-Project/export/EOS-Project/hw/design_1_wrapper.xsa -mem-ranges [list {0x40000000 0xbfffffff}] -regs
configparams force-mem-access 1
targets -set -nocase -filter {name =~"APU*"}
source C:/ProjectenVivado/Academiejaar_25-26/EOS-Project/Vitis/EOS-UDP/_ide/psinit/ps7_init.tcl
ps7_init
ps7_post_config
targets -set -nocase -filter {name =~ "*A9*#0"}
dow C:/ProjectenVivado/Academiejaar_25-26/EOS-Project/Vitis/EOS-UDP/Debug/EOS-UDP.elf
configparams force-mem-access 0
----------------End of Script----------------

16:32:06 INFO  : Context for processor 'ps7_cortexa9_0' is selected.
16:32:06 INFO  : 'con' command is executed.
16:32:06 INFO  : ----------------XSDB Script (After Launch)----------------
targets -set -nocase -filter {name =~ "*A9*#0"}
con
----------------End of Script----------------

16:32:06 INFO  : Launch script is exported to file 'C:\ProjectenVivado\Academiejaar_25-26\EOS-Project\Vitis\EOS-UDP_system\_ide\scripts\debugger_eos-udp-default_1.tcl'
16:32:17 WARN  : channel "tcfchan#3" closed
16:32:19 INFO  : Disconnected from the channel tcfchan#4.
16:32:22 WARN  : channel "tcfchan#4" closed
16:32:24 WARN  : channel "tcfchan#4" closed
16:32:27 INFO  : Connected to target on host '127.0.0.1' and port '3121'.
16:32:28 INFO  : Jtag cable 'Xilinx HW-FTDI-TEST FT2232H 1234-tulA' is selected.
16:32:28 INFO  : 'jtag frequency' command is executed.
16:32:28 INFO  : Context for 'APU' is selected.
16:32:28 INFO  : System reset is completed.
16:32:31 INFO  : 'after 3000' command is executed.
16:32:31 INFO  : 'targets -set -filter {jtag_cable_name =~ "Xilinx HW-FTDI-TEST FT2232H 1234-tulA" && level==0 && jtag_device_ctx=="jsn-HW-FTDI-TEST FT2232H-1234-tulA-23727093-0"}' command is executed.
16:32:33 INFO  : Device configured successfully with "C:/ProjectenVivado/Academiejaar_25-26/EOS-Project/Vitis/EOS-UDP/_ide/bitstream/design_1_wrapper.bit"
16:32:33 INFO  : Context for 'APU' is selected.
16:32:33 INFO  : Hardware design and registers information is loaded from 'C:/ProjectenVivado/Academiejaar_25-26/EOS-Project/Vitis/EOS-Project/export/EOS-Project/hw/design_1_wrapper.xsa'.
16:32:33 INFO  : 'configparams force-mem-access 1' command is executed.
16:32:33 INFO  : Context for 'APU' is selected.
16:32:33 INFO  : Sourcing of 'C:/ProjectenVivado/Academiejaar_25-26/EOS-Project/Vitis/EOS-UDP/_ide/psinit/ps7_init.tcl' is done.
16:32:33 INFO  : 'ps7_init' command is executed.
16:32:33 INFO  : 'ps7_post_config' command is executed.
16:32:33 INFO  : Context for processor 'ps7_cortexa9_0' is selected.
16:32:34 INFO  : The application 'C:/ProjectenVivado/Academiejaar_25-26/EOS-Project/Vitis/EOS-UDP/Debug/EOS-UDP.elf' is downloaded to processor 'ps7_cortexa9_0'.
16:32:34 INFO  : 'configparams force-mem-access 0' command is executed.
16:32:34 INFO  : ----------------XSDB Script----------------
connect -url tcp:127.0.0.1:3121
targets -set -nocase -filter {name =~"APU*"}
rst -system
after 3000
targets -set -filter {jtag_cable_name =~ "Xilinx HW-FTDI-TEST FT2232H 1234-tulA" && level==0 && jtag_device_ctx=="jsn-HW-FTDI-TEST FT2232H-1234-tulA-23727093-0"}
fpga -file C:/ProjectenVivado/Academiejaar_25-26/EOS-Project/Vitis/EOS-UDP/_ide/bitstream/design_1_wrapper.bit
targets -set -nocase -filter {name =~"APU*"}
loadhw -hw C:/ProjectenVivado/Academiejaar_25-26/EOS-Project/Vitis/EOS-Project/export/EOS-Project/hw/design_1_wrapper.xsa -mem-ranges [list {0x40000000 0xbfffffff}] -regs
configparams force-mem-access 1
targets -set -nocase -filter {name =~"APU*"}
source C:/ProjectenVivado/Academiejaar_25-26/EOS-Project/Vitis/EOS-UDP/_ide/psinit/ps7_init.tcl
ps7_init
ps7_post_config
targets -set -nocase -filter {name =~ "*A9*#0"}
dow C:/ProjectenVivado/Academiejaar_25-26/EOS-Project/Vitis/EOS-UDP/Debug/EOS-UDP.elf
configparams force-mem-access 0
----------------End of Script----------------

16:32:34 INFO  : Context for processor 'ps7_cortexa9_0' is selected.
16:32:34 INFO  : 'con' command is executed.
16:32:34 INFO  : ----------------XSDB Script (After Launch)----------------
targets -set -nocase -filter {name =~ "*A9*#0"}
con
----------------End of Script----------------

16:32:34 INFO  : Launch script is exported to file 'C:\ProjectenVivado\Academiejaar_25-26\EOS-Project\Vitis\EOS-UDP_system\_ide\scripts\debugger_eos-udp-default.tcl'
16:37:26 INFO  : Checking for BSP changes to sync application flags for project 'EOS-UDP'...
16:38:56 INFO  : Checking for BSP changes to sync application flags for project 'EOS-HDMI'...
16:39:07 INFO  : Checking for BSP changes to sync application flags for project 'EOS-HDMI'...
16:40:14 INFO  : Checking for BSP changes to sync application flags for project 'EOS-FreeRTOS'...
16:40:24 INFO  : Checking for BSP changes to sync application flags for project 'EOS-HDMI'...
16:40:40 INFO  : Disconnected from the channel tcfchan#5.
16:40:41 INFO  : Connected to target on host '127.0.0.1' and port '3121'.
16:40:50 INFO  : ----------------XSDB Script----------------
connect -url tcp:127.0.0.1:3121
----------------End of Script----------------

16:40:50 ERROR : Could not find FPGA device on the board for connection 'Local'.


Troubleshooting hints:
1. Check whether board is connected to system properly.
2. In case of zynq board, check whether Digilent/Xilinx cable switch settings are correct.
3. If you are using Xilinx Platform Cable USB, ensure that status LED is green.
16:41:50 INFO  : Checking for BSP changes to sync application flags for project 'EOS-HDMI'...
16:41:58 INFO  : Connected to target on host '127.0.0.1' and port '3121'.
16:41:58 INFO  : Jtag cable 'Xilinx HW-FTDI-TEST FT2232H 1234-tulA' is selected.
16:41:58 INFO  : 'jtag frequency' command is executed.
16:41:58 INFO  : Context for 'APU' is selected.
16:41:58 INFO  : System reset is completed.
16:42:01 INFO  : 'after 3000' command is executed.
16:42:01 INFO  : 'targets -set -filter {jtag_cable_name =~ "Xilinx HW-FTDI-TEST FT2232H 1234-tulA" && level==0 && jtag_device_ctx=="jsn-HW-FTDI-TEST FT2232H-1234-tulA-23727093-0"}' command is executed.
16:42:03 INFO  : Device configured successfully with "C:/ProjectenVivado/Academiejaar_25-26/EOS-Project/Vitis/EOS-HDMI/_ide/bitstream/design_1_wrapper.bit"
16:42:03 INFO  : Context for 'APU' is selected.
16:42:03 INFO  : Hardware design and registers information is loaded from 'C:/ProjectenVivado/Academiejaar_25-26/EOS-Project/Vitis/EOS-Project/export/EOS-Project/hw/design_1_wrapper.xsa'.
16:42:03 INFO  : 'configparams force-mem-access 1' command is executed.
16:42:03 INFO  : Context for 'APU' is selected.
16:42:03 INFO  : Sourcing of 'C:/ProjectenVivado/Academiejaar_25-26/EOS-Project/Vitis/EOS-HDMI/_ide/psinit/ps7_init.tcl' is done.
16:42:04 INFO  : 'ps7_init' command is executed.
16:42:04 INFO  : 'ps7_post_config' command is executed.
16:42:04 INFO  : Context for processor 'ps7_cortexa9_0' is selected.
16:42:04 INFO  : The application 'C:/ProjectenVivado/Academiejaar_25-26/EOS-Project/Vitis/EOS-HDMI/Debug/EOS-HDMI.elf' is downloaded to processor 'ps7_cortexa9_0'.
16:42:04 INFO  : 'configparams force-mem-access 0' command is executed.
16:42:04 INFO  : ----------------XSDB Script----------------
connect -url tcp:127.0.0.1:3121
targets -set -nocase -filter {name =~"APU*"}
rst -system
after 3000
targets -set -filter {jtag_cable_name =~ "Xilinx HW-FTDI-TEST FT2232H 1234-tulA" && level==0 && jtag_device_ctx=="jsn-HW-FTDI-TEST FT2232H-1234-tulA-23727093-0"}
fpga -file C:/ProjectenVivado/Academiejaar_25-26/EOS-Project/Vitis/EOS-HDMI/_ide/bitstream/design_1_wrapper.bit
targets -set -nocase -filter {name =~"APU*"}
loadhw -hw C:/ProjectenVivado/Academiejaar_25-26/EOS-Project/Vitis/EOS-Project/export/EOS-Project/hw/design_1_wrapper.xsa -mem-ranges [list {0x40000000 0xbfffffff}] -regs
configparams force-mem-access 1
targets -set -nocase -filter {name =~"APU*"}
source C:/ProjectenVivado/Academiejaar_25-26/EOS-Project/Vitis/EOS-HDMI/_ide/psinit/ps7_init.tcl
ps7_init
ps7_post_config
targets -set -nocase -filter {name =~ "*A9*#0"}
dow C:/ProjectenVivado/Academiejaar_25-26/EOS-Project/Vitis/EOS-HDMI/Debug/EOS-HDMI.elf
configparams force-mem-access 0
----------------End of Script----------------

16:42:04 INFO  : Context for processor 'ps7_cortexa9_0' is selected.
16:42:04 INFO  : 'con' command is executed.
16:42:04 INFO  : ----------------XSDB Script (After Launch)----------------
targets -set -nocase -filter {name =~ "*A9*#0"}
con
----------------End of Script----------------

16:42:04 INFO  : Launch script is exported to file 'C:\ProjectenVivado\Academiejaar_25-26\EOS-Project\Vitis\EOS-HDMI_system\_ide\scripts\debugger_eos-hdmi-default.tcl'
16:43:04 INFO  : Disconnected from the channel tcfchan#7.
14:15:51 DEBUG : Logs will be stored at 'C:/ProjectenVivado/Academiejaar_25-26/EOS-Project/Vitis/IDE.log'.
14:15:52 INFO  : Launching XSCT server: xsct.bat -n  -interactive C:\ProjectenVivado\Academiejaar_25-26\EOS-Project\Vitis\temp_xsdb_launch_script.tcl
14:15:52 ERROR : (XSDB Server)'\gnu\microblaze\lin\bin\' is not recognized as an internal or external command,
operable program or batch file.
'\gnu\microblaze\nt\bin\' is not recognized as an internal or external command,
operable program or batch file.

14:15:52 ERROR : (XSDB Server)'\gnuwin\bin\' is not recognized as an internal or external command,
operable program or batch file.

14:15:56 INFO  : Registering command handlers for Vitis TCF services
14:15:56 INFO  : Platform repository initialization has completed.
14:15:58 INFO  : XSCT server has started successfully.
14:16:05 INFO  : plnx-install-location is set to ''
14:16:05 INFO  : Successfully done setting XSCT server connection channel  
14:16:05 INFO  : Successfully done query RDI_DATADIR 
14:16:05 INFO  : Successfully done setting workspace for the tool. 
14:23:30 INFO  : Checking for BSP changes to sync application flags for project 'EOS-PongGame'...
14:24:37 INFO  : Checking for BSP changes to sync application flags for project 'EOS-PongGame'...
15:08:41 INFO  : Checking for BSP changes to sync application flags for project 'EOS-PongGame'...
15:10:51 INFO  : Checking for BSP changes to sync application flags for project 'EOS-PongGame'...
15:14:12 INFO  : Connected to target on host '127.0.0.1' and port '3121'.
15:14:12 INFO  : Jtag cable 'Xilinx HW-FTDI-TEST FT2232H 1234-tulA' is selected.
15:14:12 INFO  : 'jtag frequency' command is executed.
15:14:12 INFO  : Context for 'APU' is selected.
15:14:12 INFO  : System reset is completed.
15:14:15 INFO  : 'after 3000' command is executed.
15:14:15 INFO  : 'targets -set -filter {jtag_cable_name =~ "Xilinx HW-FTDI-TEST FT2232H 1234-tulA" && level==0 && jtag_device_ctx=="jsn-HW-FTDI-TEST FT2232H-1234-tulA-23727093-0"}' command is executed.
15:14:18 INFO  : Device configured successfully with "C:/ProjectenVivado/Academiejaar_25-26/EOS-Project/Vitis/EOS-PongGame/_ide/bitstream/design_1_wrapper.bit"
15:14:18 INFO  : Context for 'APU' is selected.
15:14:18 INFO  : Hardware design and registers information is loaded from 'C:/ProjectenVivado/Academiejaar_25-26/EOS-Project/Vitis/EOS-Project/export/EOS-Project/hw/design_1_wrapper.xsa'.
15:14:18 INFO  : 'configparams force-mem-access 1' command is executed.
15:14:18 INFO  : Context for 'APU' is selected.
15:14:18 INFO  : Sourcing of 'C:/ProjectenVivado/Academiejaar_25-26/EOS-Project/Vitis/EOS-PongGame/_ide/psinit/ps7_init.tcl' is done.
15:14:18 INFO  : 'ps7_init' command is executed.
15:14:18 INFO  : 'ps7_post_config' command is executed.
15:14:18 INFO  : Context for processor 'ps7_cortexa9_0' is selected.
15:14:19 INFO  : The application 'C:/ProjectenVivado/Academiejaar_25-26/EOS-Project/Vitis/EOS-PongGame/Debug/EOS-PongGame.elf' is downloaded to processor 'ps7_cortexa9_0'.
15:14:19 INFO  : 'configparams force-mem-access 0' command is executed.
15:14:19 INFO  : ----------------XSDB Script----------------
connect -url tcp:127.0.0.1:3121
targets -set -nocase -filter {name =~"APU*"}
rst -system
after 3000
targets -set -filter {jtag_cable_name =~ "Xilinx HW-FTDI-TEST FT2232H 1234-tulA" && level==0 && jtag_device_ctx=="jsn-HW-FTDI-TEST FT2232H-1234-tulA-23727093-0"}
fpga -file C:/ProjectenVivado/Academiejaar_25-26/EOS-Project/Vitis/EOS-PongGame/_ide/bitstream/design_1_wrapper.bit
targets -set -nocase -filter {name =~"APU*"}
loadhw -hw C:/ProjectenVivado/Academiejaar_25-26/EOS-Project/Vitis/EOS-Project/export/EOS-Project/hw/design_1_wrapper.xsa -mem-ranges [list {0x40000000 0xbfffffff}] -regs
configparams force-mem-access 1
targets -set -nocase -filter {name =~"APU*"}
source C:/ProjectenVivado/Academiejaar_25-26/EOS-Project/Vitis/EOS-PongGame/_ide/psinit/ps7_init.tcl
ps7_init
ps7_post_config
targets -set -nocase -filter {name =~ "*A9*#0"}
dow C:/ProjectenVivado/Academiejaar_25-26/EOS-Project/Vitis/EOS-PongGame/Debug/EOS-PongGame.elf
configparams force-mem-access 0
----------------End of Script----------------

15:14:19 INFO  : Context for processor 'ps7_cortexa9_0' is selected.
15:14:19 INFO  : 'con' command is executed.
15:14:19 INFO  : ----------------XSDB Script (After Launch)----------------
targets -set -nocase -filter {name =~ "*A9*#0"}
con
----------------End of Script----------------

15:14:19 INFO  : Launch script is exported to file 'C:\ProjectenVivado\Academiejaar_25-26\EOS-Project\Vitis\EOS-PongGame_system\_ide\scripts\debugger_eos-ponggame-default.tcl'
15:22:39 INFO  : Disconnected from the channel tcfchan#1.
15:23:56 INFO  : Checking for BSP changes to sync application flags for project 'EOS-PongGame'...
15:24:44 INFO  : Connected to target on host '127.0.0.1' and port '3121'.
15:24:44 INFO  : Jtag cable 'Xilinx HW-FTDI-TEST FT2232H 1234-tulA' is selected.
15:24:44 INFO  : 'jtag frequency' command is executed.
15:24:44 INFO  : Context for 'APU' is selected.
15:24:44 INFO  : System reset is completed.
15:24:47 INFO  : 'after 3000' command is executed.
15:24:48 INFO  : 'targets -set -filter {jtag_cable_name =~ "Xilinx HW-FTDI-TEST FT2232H 1234-tulA" && level==0 && jtag_device_ctx=="jsn-HW-FTDI-TEST FT2232H-1234-tulA-23727093-0"}' command is executed.
15:24:50 INFO  : Device configured successfully with "C:/ProjectenVivado/Academiejaar_25-26/EOS-Project/Vitis/EOS-PongGame/_ide/bitstream/design_1_wrapper.bit"
15:24:50 INFO  : Context for 'APU' is selected.
15:24:50 INFO  : Hardware design and registers information is loaded from 'C:/ProjectenVivado/Academiejaar_25-26/EOS-Project/Vitis/EOS-Project/export/EOS-Project/hw/design_1_wrapper.xsa'.
15:24:50 INFO  : 'configparams force-mem-access 1' command is executed.
15:24:50 INFO  : Context for 'APU' is selected.
15:24:50 INFO  : Sourcing of 'C:/ProjectenVivado/Academiejaar_25-26/EOS-Project/Vitis/EOS-PongGame/_ide/psinit/ps7_init.tcl' is done.
15:24:50 INFO  : 'ps7_init' command is executed.
15:24:50 INFO  : 'ps7_post_config' command is executed.
15:24:50 INFO  : Context for processor 'ps7_cortexa9_0' is selected.
15:24:51 INFO  : The application 'C:/ProjectenVivado/Academiejaar_25-26/EOS-Project/Vitis/EOS-PongGame/Debug/EOS-PongGame.elf' is downloaded to processor 'ps7_cortexa9_0'.
15:24:51 INFO  : 'configparams force-mem-access 0' command is executed.
15:24:51 INFO  : ----------------XSDB Script----------------
connect -url tcp:127.0.0.1:3121
targets -set -nocase -filter {name =~"APU*"}
rst -system
after 3000
targets -set -filter {jtag_cable_name =~ "Xilinx HW-FTDI-TEST FT2232H 1234-tulA" && level==0 && jtag_device_ctx=="jsn-HW-FTDI-TEST FT2232H-1234-tulA-23727093-0"}
fpga -file C:/ProjectenVivado/Academiejaar_25-26/EOS-Project/Vitis/EOS-PongGame/_ide/bitstream/design_1_wrapper.bit
targets -set -nocase -filter {name =~"APU*"}
loadhw -hw C:/ProjectenVivado/Academiejaar_25-26/EOS-Project/Vitis/EOS-Project/export/EOS-Project/hw/design_1_wrapper.xsa -mem-ranges [list {0x40000000 0xbfffffff}] -regs
configparams force-mem-access 1
targets -set -nocase -filter {name =~"APU*"}
source C:/ProjectenVivado/Academiejaar_25-26/EOS-Project/Vitis/EOS-PongGame/_ide/psinit/ps7_init.tcl
ps7_init
ps7_post_config
targets -set -nocase -filter {name =~ "*A9*#0"}
dow C:/ProjectenVivado/Academiejaar_25-26/EOS-Project/Vitis/EOS-PongGame/Debug/EOS-PongGame.elf
configparams force-mem-access 0
----------------End of Script----------------

15:24:51 INFO  : Context for processor 'ps7_cortexa9_0' is selected.
15:24:51 INFO  : 'con' command is executed.
15:24:51 INFO  : ----------------XSDB Script (After Launch)----------------
targets -set -nocase -filter {name =~ "*A9*#0"}
con
----------------End of Script----------------

15:24:51 INFO  : Launch script is exported to file 'C:\ProjectenVivado\Academiejaar_25-26\EOS-Project\Vitis\EOS-PongGame_system\_ide\scripts\debugger_eos-ponggame-default.tcl'
15:34:10 INFO  : Checking for BSP changes to sync application flags for project 'EOS-PongGame'...
15:34:25 INFO  : Connected to target on host '127.0.0.1' and port '3121'.
15:34:25 INFO  : Jtag cable 'Xilinx HW-FTDI-TEST FT2232H 1234-tulA' is selected.
15:34:25 INFO  : 'jtag frequency' command is executed.
15:34:25 INFO  : Context for 'APU' is selected.
15:34:25 INFO  : System reset is completed.
15:34:28 INFO  : 'after 3000' command is executed.
15:34:28 INFO  : 'targets -set -filter {jtag_cable_name =~ "Xilinx HW-FTDI-TEST FT2232H 1234-tulA" && level==0 && jtag_device_ctx=="jsn-HW-FTDI-TEST FT2232H-1234-tulA-23727093-0"}' command is executed.
15:34:31 INFO  : Device configured successfully with "C:/ProjectenVivado/Academiejaar_25-26/EOS-Project/Vitis/EOS-PongGame/_ide/bitstream/design_1_wrapper.bit"
15:34:31 INFO  : Context for 'APU' is selected.
15:34:31 INFO  : Hardware design and registers information is loaded from 'C:/ProjectenVivado/Academiejaar_25-26/EOS-Project/Vitis/EOS-Project/export/EOS-Project/hw/design_1_wrapper.xsa'.
15:34:31 INFO  : 'configparams force-mem-access 1' command is executed.
15:34:31 INFO  : Context for 'APU' is selected.
15:34:31 INFO  : Sourcing of 'C:/ProjectenVivado/Academiejaar_25-26/EOS-Project/Vitis/EOS-PongGame/_ide/psinit/ps7_init.tcl' is done.
15:34:31 INFO  : 'ps7_init' command is executed.
15:34:31 INFO  : 'ps7_post_config' command is executed.
15:34:31 INFO  : Context for processor 'ps7_cortexa9_0' is selected.
15:34:31 INFO  : The application 'C:/ProjectenVivado/Academiejaar_25-26/EOS-Project/Vitis/EOS-PongGame/Debug/EOS-PongGame.elf' is downloaded to processor 'ps7_cortexa9_0'.
15:34:31 INFO  : 'configparams force-mem-access 0' command is executed.
15:34:31 INFO  : ----------------XSDB Script----------------
connect -url tcp:127.0.0.1:3121
targets -set -nocase -filter {name =~"APU*"}
rst -system
after 3000
targets -set -filter {jtag_cable_name =~ "Xilinx HW-FTDI-TEST FT2232H 1234-tulA" && level==0 && jtag_device_ctx=="jsn-HW-FTDI-TEST FT2232H-1234-tulA-23727093-0"}
fpga -file C:/ProjectenVivado/Academiejaar_25-26/EOS-Project/Vitis/EOS-PongGame/_ide/bitstream/design_1_wrapper.bit
targets -set -nocase -filter {name =~"APU*"}
loadhw -hw C:/ProjectenVivado/Academiejaar_25-26/EOS-Project/Vitis/EOS-Project/export/EOS-Project/hw/design_1_wrapper.xsa -mem-ranges [list {0x40000000 0xbfffffff}] -regs
configparams force-mem-access 1
targets -set -nocase -filter {name =~"APU*"}
source C:/ProjectenVivado/Academiejaar_25-26/EOS-Project/Vitis/EOS-PongGame/_ide/psinit/ps7_init.tcl
ps7_init
ps7_post_config
targets -set -nocase -filter {name =~ "*A9*#0"}
dow C:/ProjectenVivado/Academiejaar_25-26/EOS-Project/Vitis/EOS-PongGame/Debug/EOS-PongGame.elf
configparams force-mem-access 0
----------------End of Script----------------

15:34:32 INFO  : Context for processor 'ps7_cortexa9_0' is selected.
15:34:32 INFO  : 'con' command is executed.
15:34:32 INFO  : ----------------XSDB Script (After Launch)----------------
targets -set -nocase -filter {name =~ "*A9*#0"}
con
----------------End of Script----------------

15:34:32 INFO  : Launch script is exported to file 'C:\ProjectenVivado\Academiejaar_25-26\EOS-Project\Vitis\EOS-PongGame_system\_ide\scripts\debugger_eos-ponggame-default.tcl'
15:37:58 INFO  : Checking for BSP changes to sync application flags for project 'EOS-PongGame'...
15:38:03 INFO  : Disconnected from the channel tcfchan#2.
15:38:04 INFO  : Connected to target on host '127.0.0.1' and port '3121'.
15:38:04 INFO  : Jtag cable 'Xilinx HW-FTDI-TEST FT2232H 1234-tulA' is selected.
15:38:04 INFO  : 'jtag frequency' command is executed.
15:38:04 INFO  : Context for 'APU' is selected.
15:38:04 INFO  : System reset is completed.
15:38:07 INFO  : 'after 3000' command is executed.
15:38:07 INFO  : 'targets -set -filter {jtag_cable_name =~ "Xilinx HW-FTDI-TEST FT2232H 1234-tulA" && level==0 && jtag_device_ctx=="jsn-HW-FTDI-TEST FT2232H-1234-tulA-23727093-0"}' command is executed.
15:38:10 INFO  : Device configured successfully with "C:/ProjectenVivado/Academiejaar_25-26/EOS-Project/Vitis/EOS-PongGame/_ide/bitstream/design_1_wrapper.bit"
15:38:10 INFO  : Context for 'APU' is selected.
15:38:12 INFO  : Hardware design and registers information is loaded from 'C:/ProjectenVivado/Academiejaar_25-26/EOS-Project/Vitis/EOS-Project/export/EOS-Project/hw/design_1_wrapper.xsa'.
15:38:12 INFO  : 'configparams force-mem-access 1' command is executed.
15:38:12 INFO  : Context for 'APU' is selected.
15:38:12 INFO  : Sourcing of 'C:/ProjectenVivado/Academiejaar_25-26/EOS-Project/Vitis/EOS-PongGame/_ide/psinit/ps7_init.tcl' is done.
15:38:12 INFO  : 'ps7_init' command is executed.
15:38:12 INFO  : 'ps7_post_config' command is executed.
15:38:12 INFO  : Context for processor 'ps7_cortexa9_0' is selected.
15:38:12 INFO  : The application 'C:/ProjectenVivado/Academiejaar_25-26/EOS-Project/Vitis/EOS-PongGame/Debug/EOS-PongGame.elf' is downloaded to processor 'ps7_cortexa9_0'.
15:38:13 INFO  : 'configparams force-mem-access 0' command is executed.
15:38:13 INFO  : ----------------XSDB Script----------------
connect -url tcp:127.0.0.1:3121
targets -set -nocase -filter {name =~"APU*"}
rst -system
after 3000
targets -set -filter {jtag_cable_name =~ "Xilinx HW-FTDI-TEST FT2232H 1234-tulA" && level==0 && jtag_device_ctx=="jsn-HW-FTDI-TEST FT2232H-1234-tulA-23727093-0"}
fpga -file C:/ProjectenVivado/Academiejaar_25-26/EOS-Project/Vitis/EOS-PongGame/_ide/bitstream/design_1_wrapper.bit
targets -set -nocase -filter {name =~"APU*"}
loadhw -hw C:/ProjectenVivado/Academiejaar_25-26/EOS-Project/Vitis/EOS-Project/export/EOS-Project/hw/design_1_wrapper.xsa -mem-ranges [list {0x40000000 0xbfffffff}] -regs
configparams force-mem-access 1
targets -set -nocase -filter {name =~"APU*"}
source C:/ProjectenVivado/Academiejaar_25-26/EOS-Project/Vitis/EOS-PongGame/_ide/psinit/ps7_init.tcl
ps7_init
ps7_post_config
targets -set -nocase -filter {name =~ "*A9*#0"}
dow C:/ProjectenVivado/Academiejaar_25-26/EOS-Project/Vitis/EOS-PongGame/Debug/EOS-PongGame.elf
configparams force-mem-access 0
----------------End of Script----------------

15:38:13 INFO  : Context for processor 'ps7_cortexa9_0' is selected.
15:38:13 INFO  : 'con' command is executed.
15:38:13 INFO  : ----------------XSDB Script (After Launch)----------------
targets -set -nocase -filter {name =~ "*A9*#0"}
con
----------------End of Script----------------

15:38:13 INFO  : Launch script is exported to file 'C:\ProjectenVivado\Academiejaar_25-26\EOS-Project\Vitis\EOS-PongGame_system\_ide\scripts\debugger_eos-ponggame-default.tcl'
15:39:16 INFO  : Checking for BSP changes to sync application flags for project 'EOS-PongGame'...
15:39:26 INFO  : Disconnected from the channel tcfchan#3.
15:39:27 INFO  : Connected to target on host '127.0.0.1' and port '3121'.
15:39:27 INFO  : Jtag cable 'Xilinx HW-FTDI-TEST FT2232H 1234-tulA' is selected.
15:39:27 INFO  : 'jtag frequency' command is executed.
15:39:27 INFO  : Context for 'APU' is selected.
15:39:27 INFO  : System reset is completed.
15:39:30 INFO  : 'after 3000' command is executed.
15:39:30 INFO  : 'targets -set -filter {jtag_cable_name =~ "Xilinx HW-FTDI-TEST FT2232H 1234-tulA" && level==0 && jtag_device_ctx=="jsn-HW-FTDI-TEST FT2232H-1234-tulA-23727093-0"}' command is executed.
15:39:32 INFO  : Device configured successfully with "C:/ProjectenVivado/Academiejaar_25-26/EOS-Project/Vitis/EOS-PongGame/_ide/bitstream/design_1_wrapper.bit"
15:39:33 INFO  : Context for 'APU' is selected.
15:39:35 INFO  : Hardware design and registers information is loaded from 'C:/ProjectenVivado/Academiejaar_25-26/EOS-Project/Vitis/EOS-Project/export/EOS-Project/hw/design_1_wrapper.xsa'.
15:39:35 INFO  : 'configparams force-mem-access 1' command is executed.
15:39:35 INFO  : Context for 'APU' is selected.
15:39:35 INFO  : Sourcing of 'C:/ProjectenVivado/Academiejaar_25-26/EOS-Project/Vitis/EOS-PongGame/_ide/psinit/ps7_init.tcl' is done.
15:39:35 INFO  : 'ps7_init' command is executed.
15:39:35 INFO  : 'ps7_post_config' command is executed.
15:39:35 INFO  : Context for processor 'ps7_cortexa9_0' is selected.
15:39:36 INFO  : The application 'C:/ProjectenVivado/Academiejaar_25-26/EOS-Project/Vitis/EOS-PongGame/Debug/EOS-PongGame.elf' is downloaded to processor 'ps7_cortexa9_0'.
15:39:36 INFO  : 'configparams force-mem-access 0' command is executed.
15:39:36 INFO  : ----------------XSDB Script----------------
connect -url tcp:127.0.0.1:3121
targets -set -nocase -filter {name =~"APU*"}
rst -system
after 3000
targets -set -filter {jtag_cable_name =~ "Xilinx HW-FTDI-TEST FT2232H 1234-tulA" && level==0 && jtag_device_ctx=="jsn-HW-FTDI-TEST FT2232H-1234-tulA-23727093-0"}
fpga -file C:/ProjectenVivado/Academiejaar_25-26/EOS-Project/Vitis/EOS-PongGame/_ide/bitstream/design_1_wrapper.bit
targets -set -nocase -filter {name =~"APU*"}
loadhw -hw C:/ProjectenVivado/Academiejaar_25-26/EOS-Project/Vitis/EOS-Project/export/EOS-Project/hw/design_1_wrapper.xsa -mem-ranges [list {0x40000000 0xbfffffff}] -regs
configparams force-mem-access 1
targets -set -nocase -filter {name =~"APU*"}
source C:/ProjectenVivado/Academiejaar_25-26/EOS-Project/Vitis/EOS-PongGame/_ide/psinit/ps7_init.tcl
ps7_init
ps7_post_config
targets -set -nocase -filter {name =~ "*A9*#0"}
dow C:/ProjectenVivado/Academiejaar_25-26/EOS-Project/Vitis/EOS-PongGame/Debug/EOS-PongGame.elf
configparams force-mem-access 0
----------------End of Script----------------

15:39:36 INFO  : Context for processor 'ps7_cortexa9_0' is selected.
15:39:36 INFO  : 'con' command is executed.
15:39:36 INFO  : ----------------XSDB Script (After Launch)----------------
targets -set -nocase -filter {name =~ "*A9*#0"}
con
----------------End of Script----------------

15:39:36 INFO  : Launch script is exported to file 'C:\ProjectenVivado\Academiejaar_25-26\EOS-Project\Vitis\EOS-PongGame_system\_ide\scripts\debugger_eos-ponggame-default.tcl'
16:27:28 INFO  : Checking for BSP changes to sync application flags for project 'EOS-FreeRTOS'...
16:27:32 ERROR : (XSDB Server)ERROR: [Hsi 55-1571] The design file C:/ProjectenVivado/Academiejaar_25-26/EOS-Project/Vitis/EOS-Project/export/EOS-Project/hw/design_1_wrapper.xsa is already opened

16:28:10 INFO  : Checking for BSP changes to sync application flags for project 'EOS-UDP'...
16:28:16 ERROR : (XSDB Server)ERROR: [Hsi 55-1571] The design file C:/ProjectenVivado/Academiejaar_25-26/EOS-Project/Vitis/EOS-Project/export/EOS-Project/hw/design_1_wrapper.xsa is already opened

16:53:15 INFO  : Checking for BSP changes to sync application flags for project 'EOS-PongGame'...
16:59:58 INFO  : Checking for BSP changes to sync application flags for project 'EOS-PongGame'...
17:00:01 ERROR : (XSDB Server)ERROR: [Hsi 55-1571] The design file C:/ProjectenVivado/Academiejaar_25-26/EOS-Project/Vitis/EOS-Project/export/EOS-Project/hw/design_1_wrapper.xsa is already opened

17:02:32 INFO  : Checking for BSP changes to sync application flags for project 'EOS-PongGame'...
17:02:59 INFO  : Checking for BSP changes to sync application flags for project 'EOS-PongGame'...
17:03:29 INFO  : Checking for BSP changes to sync application flags for project 'EOS-PongGame'...
17:51:30 INFO  : Checking for BSP changes to sync application flags for project 'EOS-PongGame'...
18:04:08 INFO  : Checking for BSP changes to sync application flags for project 'EOS-PongGame'...
18:07:49 INFO  : Checking for BSP changes to sync application flags for project 'EOS-PongGame'...
18:14:46 INFO  : Checking for BSP changes to sync application flags for project 'EOS-PongGame'...
18:22:06 INFO  : Checking for BSP changes to sync application flags for project 'EOS-PongGame'...
18:31:52 INFO  : Checking for BSP changes to sync application flags for project 'EOS-PongGame'...
18:32:09 INFO  : Checking for BSP changes to sync application flags for project 'EOS-PongGame'...
18:32:12 ERROR : (XSDB Server)ERROR: [Hsi 55-1571] The design file C:/ProjectenVivado/Academiejaar_25-26/EOS-Project/Vitis/EOS-Project/export/EOS-Project/hw/design_1_wrapper.xsa is already opened

18:43:26 INFO  : Checking for BSP changes to sync application flags for project 'EOS-PongGame'...
18:48:32 INFO  : Checking for BSP changes to sync application flags for project 'EOS-PongGame'...
19:29:31 INFO  : Checking for BSP changes to sync application flags for project 'EOS-PongGame'...
19:29:38 INFO  : Connected to target on host '127.0.0.1' and port '3121'.
19:29:38 INFO  : Jtag cable 'Xilinx HW-FTDI-TEST FT2232H 1234-tulA' is selected.
19:29:38 INFO  : 'jtag frequency' command is executed.
19:29:38 INFO  : Context for 'APU' is selected.
19:29:38 INFO  : System reset is completed.
19:29:41 INFO  : 'after 3000' command is executed.
19:29:41 INFO  : 'targets -set -filter {jtag_cable_name =~ "Xilinx HW-FTDI-TEST FT2232H 1234-tulA" && level==0 && jtag_device_ctx=="jsn-HW-FTDI-TEST FT2232H-1234-tulA-23727093-0"}' command is executed.
19:29:44 INFO  : Device configured successfully with "C:/ProjectenVivado/Academiejaar_25-26/EOS-Project/Vitis/EOS-PongGame/_ide/bitstream/design_1_wrapper.bit"
19:29:44 INFO  : Context for 'APU' is selected.
19:29:44 INFO  : Hardware design and registers information is loaded from 'C:/ProjectenVivado/Academiejaar_25-26/EOS-Project/Vitis/EOS-Project/export/EOS-Project/hw/design_1_wrapper.xsa'.
19:29:44 INFO  : 'configparams force-mem-access 1' command is executed.
19:29:44 INFO  : Context for 'APU' is selected.
19:29:44 INFO  : Sourcing of 'C:/ProjectenVivado/Academiejaar_25-26/EOS-Project/Vitis/EOS-PongGame/_ide/psinit/ps7_init.tcl' is done.
19:29:44 INFO  : 'ps7_init' command is executed.
19:29:44 INFO  : 'ps7_post_config' command is executed.
19:29:44 INFO  : Context for processor 'ps7_cortexa9_0' is selected.
19:29:45 INFO  : The application 'C:/ProjectenVivado/Academiejaar_25-26/EOS-Project/Vitis/EOS-PongGame/Debug/EOS-PongGame.elf' is downloaded to processor 'ps7_cortexa9_0'.
19:29:45 INFO  : 'configparams force-mem-access 0' command is executed.
19:29:45 INFO  : ----------------XSDB Script----------------
connect -url tcp:127.0.0.1:3121
targets -set -nocase -filter {name =~"APU*"}
rst -system
after 3000
targets -set -filter {jtag_cable_name =~ "Xilinx HW-FTDI-TEST FT2232H 1234-tulA" && level==0 && jtag_device_ctx=="jsn-HW-FTDI-TEST FT2232H-1234-tulA-23727093-0"}
fpga -file C:/ProjectenVivado/Academiejaar_25-26/EOS-Project/Vitis/EOS-PongGame/_ide/bitstream/design_1_wrapper.bit
targets -set -nocase -filter {name =~"APU*"}
loadhw -hw C:/ProjectenVivado/Academiejaar_25-26/EOS-Project/Vitis/EOS-Project/export/EOS-Project/hw/design_1_wrapper.xsa -mem-ranges [list {0x40000000 0xbfffffff}] -regs
configparams force-mem-access 1
targets -set -nocase -filter {name =~"APU*"}
source C:/ProjectenVivado/Academiejaar_25-26/EOS-Project/Vitis/EOS-PongGame/_ide/psinit/ps7_init.tcl
ps7_init
ps7_post_config
targets -set -nocase -filter {name =~ "*A9*#0"}
dow C:/ProjectenVivado/Academiejaar_25-26/EOS-Project/Vitis/EOS-PongGame/Debug/EOS-PongGame.elf
configparams force-mem-access 0
----------------End of Script----------------

19:29:45 INFO  : Context for processor 'ps7_cortexa9_0' is selected.
19:29:45 INFO  : 'con' command is executed.
19:29:45 INFO  : ----------------XSDB Script (After Launch)----------------
targets -set -nocase -filter {name =~ "*A9*#0"}
con
----------------End of Script----------------

19:29:45 INFO  : Launch script is exported to file 'C:\ProjectenVivado\Academiejaar_25-26\EOS-Project\Vitis\EOS-PongGame_system\_ide\scripts\debugger_eos-ponggame-default.tcl'
20:06:46 INFO  : Checking for BSP changes to sync application flags for project 'EOS-PongGame'...
20:07:34 INFO  : Checking for BSP changes to sync application flags for project 'EOS-PongGame'...
20:09:31 INFO  : Checking for BSP changes to sync application flags for project 'EOS-PongGame'...
20:17:30 INFO  : Checking for BSP changes to sync application flags for project 'EOS-PongGame'...
20:26:13 INFO  : Checking for BSP changes to sync application flags for project 'EOS-PongGame'...
20:32:24 INFO  : Checking for BSP changes to sync application flags for project 'EOS-PongGame'...
20:32:55 INFO  : Checking for BSP changes to sync application flags for project 'EOS-PongGame'...
20:36:16 INFO  : Checking for BSP changes to sync application flags for project 'EOS-PongGame'...
20:36:24 INFO  : Checking for BSP changes to sync application flags for project 'EOS-PongGame'...
20:36:28 ERROR : (XSDB Server)ERROR: [Hsi 55-1571] The design file C:/ProjectenVivado/Academiejaar_25-26/EOS-Project/Vitis/EOS-Project/export/EOS-Project/hw/design_1_wrapper.xsa is already opened

20:36:41 INFO  : Result from executing command 'removePlatformRepo': 
20:37:41 INFO  : Result from executing command 'getProjects': EOS-Project
20:37:41 INFO  : Result from executing command 'getPlatforms': 
20:37:41 INFO  : Checking for BSP changes to sync application flags for project 'EOS-PongGame'...
20:41:24 INFO  : Checking for BSP changes to sync application flags for project 'EOS-PongGame'...
20:50:28 INFO  : Checking for BSP changes to sync application flags for project 'EOS-PongGame'...
20:53:01 INFO  : Connected to target on host '127.0.0.1' and port '3121'.
20:53:02 INFO  : Jtag cable 'Xilinx HW-FTDI-TEST FT2232H 1234-tulA' is selected.
20:53:02 INFO  : 'jtag frequency' command is executed.
20:53:02 INFO  : Context for 'APU' is selected.
20:53:02 INFO  : System reset is completed.
20:53:05 INFO  : 'after 3000' command is executed.
20:53:05 INFO  : 'targets -set -filter {jtag_cable_name =~ "Xilinx HW-FTDI-TEST FT2232H 1234-tulA" && level==0 && jtag_device_ctx=="jsn-HW-FTDI-TEST FT2232H-1234-tulA-23727093-0"}' command is executed.
20:53:07 INFO  : Device configured successfully with "C:/ProjectenVivado/Academiejaar_25-26/EOS-Project/Vitis/EOS-PongGame/_ide/bitstream/design_1_wrapper.bit"
20:53:07 INFO  : Context for 'APU' is selected.
20:53:07 INFO  : Hardware design and registers information is loaded from 'C:/ProjectenVivado/Academiejaar_25-26/EOS-Project/Vitis/EOS-Project/export/EOS-Project/hw/design_1_wrapper.xsa'.
20:53:07 INFO  : 'configparams force-mem-access 1' command is executed.
20:53:07 INFO  : Context for 'APU' is selected.
20:53:07 INFO  : Sourcing of 'C:/ProjectenVivado/Academiejaar_25-26/EOS-Project/Vitis/EOS-PongGame/_ide/psinit/ps7_init.tcl' is done.
20:53:07 INFO  : 'ps7_init' command is executed.
20:53:07 INFO  : 'ps7_post_config' command is executed.
20:53:08 INFO  : Context for processor 'ps7_cortexa9_0' is selected.
20:53:08 INFO  : The application 'C:/ProjectenVivado/Academiejaar_25-26/EOS-Project/Vitis/EOS-PongGame/Debug/EOS-PongGame.elf' is downloaded to processor 'ps7_cortexa9_0'.
20:53:08 INFO  : 'configparams force-mem-access 0' command is executed.
20:53:08 INFO  : ----------------XSDB Script----------------
connect -url tcp:127.0.0.1:3121
targets -set -nocase -filter {name =~"APU*"}
rst -system
after 3000
targets -set -filter {jtag_cable_name =~ "Xilinx HW-FTDI-TEST FT2232H 1234-tulA" && level==0 && jtag_device_ctx=="jsn-HW-FTDI-TEST FT2232H-1234-tulA-23727093-0"}
fpga -file C:/ProjectenVivado/Academiejaar_25-26/EOS-Project/Vitis/EOS-PongGame/_ide/bitstream/design_1_wrapper.bit
targets -set -nocase -filter {name =~"APU*"}
loadhw -hw C:/ProjectenVivado/Academiejaar_25-26/EOS-Project/Vitis/EOS-Project/export/EOS-Project/hw/design_1_wrapper.xsa -mem-ranges [list {0x40000000 0xbfffffff}] -regs
configparams force-mem-access 1
targets -set -nocase -filter {name =~"APU*"}
source C:/ProjectenVivado/Academiejaar_25-26/EOS-Project/Vitis/EOS-PongGame/_ide/psinit/ps7_init.tcl
ps7_init
ps7_post_config
targets -set -nocase -filter {name =~ "*A9*#0"}
dow C:/ProjectenVivado/Academiejaar_25-26/EOS-Project/Vitis/EOS-PongGame/Debug/EOS-PongGame.elf
configparams force-mem-access 0
----------------End of Script----------------

20:53:08 INFO  : Context for processor 'ps7_cortexa9_0' is selected.
20:53:08 INFO  : 'con' command is executed.
20:53:08 INFO  : ----------------XSDB Script (After Launch)----------------
targets -set -nocase -filter {name =~ "*A9*#0"}
con
----------------End of Script----------------

20:53:08 INFO  : Launch script is exported to file 'C:\ProjectenVivado\Academiejaar_25-26\EOS-Project\Vitis\EOS-PongGame_system\_ide\scripts\debugger_eos-ponggame-default.tcl'
20:56:37 INFO  : Connected to target on host '127.0.0.1' and port '3121'.
20:56:38 INFO  : Jtag cable 'Xilinx HW-FTDI-TEST FT2232H 1234-tulA' is selected.
20:56:38 INFO  : 'jtag frequency' command is executed.
20:56:38 INFO  : Context for 'APU' is selected.
20:56:38 INFO  : System reset is completed.
20:56:41 INFO  : 'after 3000' command is executed.
20:56:41 INFO  : 'targets -set -filter {jtag_cable_name =~ "Xilinx HW-FTDI-TEST FT2232H 1234-tulA" && level==0 && jtag_device_ctx=="jsn-HW-FTDI-TEST FT2232H-1234-tulA-23727093-0"}' command is executed.
20:56:43 INFO  : Device configured successfully with "C:/ProjectenVivado/Academiejaar_25-26/EOS-Project/Vitis/EOS-PongGame/_ide/bitstream/design_1_wrapper.bit"
20:56:43 INFO  : Context for 'APU' is selected.
20:56:43 INFO  : Hardware design and registers information is loaded from 'C:/ProjectenVivado/Academiejaar_25-26/EOS-Project/Vitis/EOS-Project/export/EOS-Project/hw/design_1_wrapper.xsa'.
20:56:43 INFO  : 'configparams force-mem-access 1' command is executed.
20:56:43 INFO  : Context for 'APU' is selected.
20:56:43 INFO  : Sourcing of 'C:/ProjectenVivado/Academiejaar_25-26/EOS-Project/Vitis/EOS-PongGame/_ide/psinit/ps7_init.tcl' is done.
20:56:43 INFO  : 'ps7_init' command is executed.
20:56:43 INFO  : 'ps7_post_config' command is executed.
20:56:44 INFO  : Context for processor 'ps7_cortexa9_0' is selected.
20:56:44 INFO  : The application 'C:/ProjectenVivado/Academiejaar_25-26/EOS-Project/Vitis/EOS-PongGame/Debug/EOS-PongGame.elf' is downloaded to processor 'ps7_cortexa9_0'.
20:56:44 INFO  : 'configparams force-mem-access 0' command is executed.
20:56:44 INFO  : ----------------XSDB Script----------------
connect -url tcp:127.0.0.1:3121
targets -set -nocase -filter {name =~"APU*"}
rst -system
after 3000
targets -set -filter {jtag_cable_name =~ "Xilinx HW-FTDI-TEST FT2232H 1234-tulA" && level==0 && jtag_device_ctx=="jsn-HW-FTDI-TEST FT2232H-1234-tulA-23727093-0"}
fpga -file C:/ProjectenVivado/Academiejaar_25-26/EOS-Project/Vitis/EOS-PongGame/_ide/bitstream/design_1_wrapper.bit
targets -set -nocase -filter {name =~"APU*"}
loadhw -hw C:/ProjectenVivado/Academiejaar_25-26/EOS-Project/Vitis/EOS-Project/export/EOS-Project/hw/design_1_wrapper.xsa -mem-ranges [list {0x40000000 0xbfffffff}] -regs
configparams force-mem-access 1
targets -set -nocase -filter {name =~"APU*"}
source C:/ProjectenVivado/Academiejaar_25-26/EOS-Project/Vitis/EOS-PongGame/_ide/psinit/ps7_init.tcl
ps7_init
ps7_post_config
targets -set -nocase -filter {name =~ "*A9*#0"}
dow C:/ProjectenVivado/Academiejaar_25-26/EOS-Project/Vitis/EOS-PongGame/Debug/EOS-PongGame.elf
configparams force-mem-access 0
----------------End of Script----------------

20:56:44 INFO  : Context for processor 'ps7_cortexa9_0' is selected.
20:56:44 INFO  : 'con' command is executed.
20:56:44 INFO  : ----------------XSDB Script (After Launch)----------------
targets -set -nocase -filter {name =~ "*A9*#0"}
con
----------------End of Script----------------

20:56:44 INFO  : Launch script is exported to file 'C:\ProjectenVivado\Academiejaar_25-26\EOS-Project\Vitis\EOS-PongGame_system\_ide\scripts\debugger_eos-ponggame-default.tcl'
21:01:54 INFO  : Connected to target on host '127.0.0.1' and port '3121'.
21:01:54 INFO  : Jtag cable 'Xilinx HW-FTDI-TEST FT2232H 1234-tulA' is selected.
21:01:54 INFO  : 'jtag frequency' command is executed.
21:01:54 INFO  : Context for 'APU' is selected.
21:01:54 INFO  : System reset is completed.
21:01:57 INFO  : 'after 3000' command is executed.
21:01:57 INFO  : 'targets -set -filter {jtag_cable_name =~ "Xilinx HW-FTDI-TEST FT2232H 1234-tulA" && level==0 && jtag_device_ctx=="jsn-HW-FTDI-TEST FT2232H-1234-tulA-23727093-0"}' command is executed.
21:02:00 INFO  : Device configured successfully with "C:/ProjectenVivado/Academiejaar_25-26/EOS-Project/Vitis/EOS-PongGame/_ide/bitstream/design_1_wrapper.bit"
21:02:00 INFO  : Context for 'APU' is selected.
21:02:00 INFO  : Hardware design and registers information is loaded from 'C:/ProjectenVivado/Academiejaar_25-26/EOS-Project/Vitis/EOS-Project/export/EOS-Project/hw/design_1_wrapper.xsa'.
21:02:00 INFO  : 'configparams force-mem-access 1' command is executed.
21:02:00 INFO  : Context for 'APU' is selected.
21:02:00 INFO  : Sourcing of 'C:/ProjectenVivado/Academiejaar_25-26/EOS-Project/Vitis/EOS-PongGame/_ide/psinit/ps7_init.tcl' is done.
21:02:00 INFO  : 'ps7_init' command is executed.
21:02:00 INFO  : 'ps7_post_config' command is executed.
21:02:00 INFO  : Context for processor 'ps7_cortexa9_0' is selected.
21:02:01 INFO  : The application 'C:/ProjectenVivado/Academiejaar_25-26/EOS-Project/Vitis/EOS-PongGame/Debug/EOS-PongGame.elf' is downloaded to processor 'ps7_cortexa9_0'.
21:02:01 INFO  : 'configparams force-mem-access 0' command is executed.
21:02:01 INFO  : ----------------XSDB Script----------------
connect -url tcp:127.0.0.1:3121
targets -set -nocase -filter {name =~"APU*"}
rst -system
after 3000
targets -set -filter {jtag_cable_name =~ "Xilinx HW-FTDI-TEST FT2232H 1234-tulA" && level==0 && jtag_device_ctx=="jsn-HW-FTDI-TEST FT2232H-1234-tulA-23727093-0"}
fpga -file C:/ProjectenVivado/Academiejaar_25-26/EOS-Project/Vitis/EOS-PongGame/_ide/bitstream/design_1_wrapper.bit
targets -set -nocase -filter {name =~"APU*"}
loadhw -hw C:/ProjectenVivado/Academiejaar_25-26/EOS-Project/Vitis/EOS-Project/export/EOS-Project/hw/design_1_wrapper.xsa -mem-ranges [list {0x40000000 0xbfffffff}] -regs
configparams force-mem-access 1
targets -set -nocase -filter {name =~"APU*"}
source C:/ProjectenVivado/Academiejaar_25-26/EOS-Project/Vitis/EOS-PongGame/_ide/psinit/ps7_init.tcl
ps7_init
ps7_post_config
targets -set -nocase -filter {name =~ "*A9*#0"}
dow C:/ProjectenVivado/Academiejaar_25-26/EOS-Project/Vitis/EOS-PongGame/Debug/EOS-PongGame.elf
configparams force-mem-access 0
----------------End of Script----------------

21:02:01 INFO  : Context for processor 'ps7_cortexa9_0' is selected.
21:02:01 INFO  : 'con' command is executed.
21:02:01 INFO  : ----------------XSDB Script (After Launch)----------------
targets -set -nocase -filter {name =~ "*A9*#0"}
con
----------------End of Script----------------

21:02:01 INFO  : Launch script is exported to file 'C:\ProjectenVivado\Academiejaar_25-26\EOS-Project\Vitis\EOS-PongGame_system\_ide\scripts\debugger_eos-ponggame-default.tcl'
21:24:44 INFO  : Checking for BSP changes to sync application flags for project 'EOS-PongGame'...
21:30:11 INFO  : Checking for BSP changes to sync application flags for project 'EOS-PongGame'...
21:30:41 INFO  : Connected to target on host '127.0.0.1' and port '3121'.
21:30:42 INFO  : Jtag cable 'Xilinx HW-FTDI-TEST FT2232H 1234-tulA' is selected.
21:30:42 INFO  : 'jtag frequency' command is executed.
21:30:42 INFO  : Context for 'APU' is selected.
21:30:42 INFO  : System reset is completed.
21:30:45 INFO  : 'after 3000' command is executed.
21:30:45 INFO  : 'targets -set -filter {jtag_cable_name =~ "Xilinx HW-FTDI-TEST FT2232H 1234-tulA" && level==0 && jtag_device_ctx=="jsn-HW-FTDI-TEST FT2232H-1234-tulA-23727093-0"}' command is executed.
21:30:47 INFO  : Device configured successfully with "C:/ProjectenVivado/Academiejaar_25-26/EOS-Project/Vitis/EOS-PongGame/_ide/bitstream/design_1_wrapper.bit"
21:30:47 INFO  : Context for 'APU' is selected.
21:30:47 INFO  : Hardware design and registers information is loaded from 'C:/ProjectenVivado/Academiejaar_25-26/EOS-Project/Vitis/EOS-Project/export/EOS-Project/hw/design_1_wrapper.xsa'.
21:30:47 INFO  : 'configparams force-mem-access 1' command is executed.
21:30:47 INFO  : Context for 'APU' is selected.
21:30:47 INFO  : Sourcing of 'C:/ProjectenVivado/Academiejaar_25-26/EOS-Project/Vitis/EOS-PongGame/_ide/psinit/ps7_init.tcl' is done.
21:30:48 INFO  : 'ps7_init' command is executed.
21:30:48 INFO  : 'ps7_post_config' command is executed.
21:30:48 INFO  : Context for processor 'ps7_cortexa9_0' is selected.
21:30:48 INFO  : The application 'C:/ProjectenVivado/Academiejaar_25-26/EOS-Project/Vitis/EOS-PongGame/Debug/EOS-PongGame.elf' is downloaded to processor 'ps7_cortexa9_0'.
21:30:48 INFO  : 'configparams force-mem-access 0' command is executed.
21:30:48 INFO  : ----------------XSDB Script----------------
connect -url tcp:127.0.0.1:3121
targets -set -nocase -filter {name =~"APU*"}
rst -system
after 3000
targets -set -filter {jtag_cable_name =~ "Xilinx HW-FTDI-TEST FT2232H 1234-tulA" && level==0 && jtag_device_ctx=="jsn-HW-FTDI-TEST FT2232H-1234-tulA-23727093-0"}
fpga -file C:/ProjectenVivado/Academiejaar_25-26/EOS-Project/Vitis/EOS-PongGame/_ide/bitstream/design_1_wrapper.bit
targets -set -nocase -filter {name =~"APU*"}
loadhw -hw C:/ProjectenVivado/Academiejaar_25-26/EOS-Project/Vitis/EOS-Project/export/EOS-Project/hw/design_1_wrapper.xsa -mem-ranges [list {0x40000000 0xbfffffff}] -regs
configparams force-mem-access 1
targets -set -nocase -filter {name =~"APU*"}
source C:/ProjectenVivado/Academiejaar_25-26/EOS-Project/Vitis/EOS-PongGame/_ide/psinit/ps7_init.tcl
ps7_init
ps7_post_config
targets -set -nocase -filter {name =~ "*A9*#0"}
dow C:/ProjectenVivado/Academiejaar_25-26/EOS-Project/Vitis/EOS-PongGame/Debug/EOS-PongGame.elf
configparams force-mem-access 0
----------------End of Script----------------

21:30:48 INFO  : Context for processor 'ps7_cortexa9_0' is selected.
21:30:48 INFO  : 'con' command is executed.
21:30:48 INFO  : ----------------XSDB Script (After Launch)----------------
targets -set -nocase -filter {name =~ "*A9*#0"}
con
----------------End of Script----------------

21:30:48 INFO  : Launch script is exported to file 'C:\ProjectenVivado\Academiejaar_25-26\EOS-Project\Vitis\EOS-PongGame_system\_ide\scripts\debugger_eos-ponggame-default.tcl'
21:45:35 INFO  : Checking for BSP changes to sync application flags for project 'EOS-PongGame'...
21:45:49 INFO  : Connected to target on host '127.0.0.1' and port '3121'.
21:45:49 INFO  : Jtag cable 'Xilinx HW-FTDI-TEST FT2232H 1234-tulA' is selected.
21:45:49 INFO  : 'jtag frequency' command is executed.
21:45:49 INFO  : Context for 'APU' is selected.
21:45:49 INFO  : System reset is completed.
21:45:52 INFO  : 'after 3000' command is executed.
21:45:52 INFO  : 'targets -set -filter {jtag_cable_name =~ "Xilinx HW-FTDI-TEST FT2232H 1234-tulA" && level==0 && jtag_device_ctx=="jsn-HW-FTDI-TEST FT2232H-1234-tulA-23727093-0"}' command is executed.
21:45:55 INFO  : Device configured successfully with "C:/ProjectenVivado/Academiejaar_25-26/EOS-Project/Vitis/EOS-PongGame/_ide/bitstream/design_1_wrapper.bit"
21:45:55 INFO  : Context for 'APU' is selected.
21:45:55 INFO  : Hardware design and registers information is loaded from 'C:/ProjectenVivado/Academiejaar_25-26/EOS-Project/Vitis/EOS-Project/export/EOS-Project/hw/design_1_wrapper.xsa'.
21:45:55 INFO  : 'configparams force-mem-access 1' command is executed.
21:45:55 INFO  : Context for 'APU' is selected.
21:45:55 INFO  : Sourcing of 'C:/ProjectenVivado/Academiejaar_25-26/EOS-Project/Vitis/EOS-PongGame/_ide/psinit/ps7_init.tcl' is done.
21:45:55 INFO  : 'ps7_init' command is executed.
21:45:55 INFO  : 'ps7_post_config' command is executed.
21:45:55 INFO  : Context for processor 'ps7_cortexa9_0' is selected.
21:45:56 INFO  : The application 'C:/ProjectenVivado/Academiejaar_25-26/EOS-Project/Vitis/EOS-PongGame/Debug/EOS-PongGame.elf' is downloaded to processor 'ps7_cortexa9_0'.
21:45:56 INFO  : 'configparams force-mem-access 0' command is executed.
21:45:56 INFO  : ----------------XSDB Script----------------
connect -url tcp:127.0.0.1:3121
targets -set -nocase -filter {name =~"APU*"}
rst -system
after 3000
targets -set -filter {jtag_cable_name =~ "Xilinx HW-FTDI-TEST FT2232H 1234-tulA" && level==0 && jtag_device_ctx=="jsn-HW-FTDI-TEST FT2232H-1234-tulA-23727093-0"}
fpga -file C:/ProjectenVivado/Academiejaar_25-26/EOS-Project/Vitis/EOS-PongGame/_ide/bitstream/design_1_wrapper.bit
targets -set -nocase -filter {name =~"APU*"}
loadhw -hw C:/ProjectenVivado/Academiejaar_25-26/EOS-Project/Vitis/EOS-Project/export/EOS-Project/hw/design_1_wrapper.xsa -mem-ranges [list {0x40000000 0xbfffffff}] -regs
configparams force-mem-access 1
targets -set -nocase -filter {name =~"APU*"}
source C:/ProjectenVivado/Academiejaar_25-26/EOS-Project/Vitis/EOS-PongGame/_ide/psinit/ps7_init.tcl
ps7_init
ps7_post_config
targets -set -nocase -filter {name =~ "*A9*#0"}
dow C:/ProjectenVivado/Academiejaar_25-26/EOS-Project/Vitis/EOS-PongGame/Debug/EOS-PongGame.elf
configparams force-mem-access 0
----------------End of Script----------------

21:45:56 INFO  : Context for processor 'ps7_cortexa9_0' is selected.
21:45:56 INFO  : 'con' command is executed.
21:45:56 INFO  : ----------------XSDB Script (After Launch)----------------
targets -set -nocase -filter {name =~ "*A9*#0"}
con
----------------End of Script----------------

21:45:56 INFO  : Launch script is exported to file 'C:\ProjectenVivado\Academiejaar_25-26\EOS-Project\Vitis\EOS-PongGame_system\_ide\scripts\debugger_eos-ponggame-default.tcl'
21:51:54 INFO  : Checking for BSP changes to sync application flags for project 'EOS-PongGame'...
21:53:06 INFO  : Checking for BSP changes to sync application flags for project 'EOS-PongGame'...
21:53:19 INFO  : Connected to target on host '127.0.0.1' and port '3121'.
21:53:19 INFO  : Jtag cable 'Xilinx HW-FTDI-TEST FT2232H 1234-tulA' is selected.
21:53:19 INFO  : 'jtag frequency' command is executed.
21:53:20 INFO  : Context for 'APU' is selected.
21:53:20 INFO  : System reset is completed.
21:53:23 INFO  : 'after 3000' command is executed.
21:53:23 INFO  : 'targets -set -filter {jtag_cable_name =~ "Xilinx HW-FTDI-TEST FT2232H 1234-tulA" && level==0 && jtag_device_ctx=="jsn-HW-FTDI-TEST FT2232H-1234-tulA-23727093-0"}' command is executed.
21:53:25 INFO  : Device configured successfully with "C:/ProjectenVivado/Academiejaar_25-26/EOS-Project/Vitis/EOS-PongGame/_ide/bitstream/design_1_wrapper.bit"
21:53:25 INFO  : Context for 'APU' is selected.
21:53:25 INFO  : Hardware design and registers information is loaded from 'C:/ProjectenVivado/Academiejaar_25-26/EOS-Project/Vitis/EOS-Project/export/EOS-Project/hw/design_1_wrapper.xsa'.
21:53:25 INFO  : 'configparams force-mem-access 1' command is executed.
21:53:25 INFO  : Context for 'APU' is selected.
21:53:25 INFO  : Sourcing of 'C:/ProjectenVivado/Academiejaar_25-26/EOS-Project/Vitis/EOS-PongGame/_ide/psinit/ps7_init.tcl' is done.
21:53:26 INFO  : 'ps7_init' command is executed.
21:53:26 INFO  : 'ps7_post_config' command is executed.
21:53:26 INFO  : Context for processor 'ps7_cortexa9_0' is selected.
21:53:26 INFO  : The application 'C:/ProjectenVivado/Academiejaar_25-26/EOS-Project/Vitis/EOS-PongGame/Debug/EOS-PongGame.elf' is downloaded to processor 'ps7_cortexa9_0'.
21:53:26 INFO  : 'configparams force-mem-access 0' command is executed.
21:53:26 INFO  : ----------------XSDB Script----------------
connect -url tcp:127.0.0.1:3121
targets -set -nocase -filter {name =~"APU*"}
rst -system
after 3000
targets -set -filter {jtag_cable_name =~ "Xilinx HW-FTDI-TEST FT2232H 1234-tulA" && level==0 && jtag_device_ctx=="jsn-HW-FTDI-TEST FT2232H-1234-tulA-23727093-0"}
fpga -file C:/ProjectenVivado/Academiejaar_25-26/EOS-Project/Vitis/EOS-PongGame/_ide/bitstream/design_1_wrapper.bit
targets -set -nocase -filter {name =~"APU*"}
loadhw -hw C:/ProjectenVivado/Academiejaar_25-26/EOS-Project/Vitis/EOS-Project/export/EOS-Project/hw/design_1_wrapper.xsa -mem-ranges [list {0x40000000 0xbfffffff}] -regs
configparams force-mem-access 1
targets -set -nocase -filter {name =~"APU*"}
source C:/ProjectenVivado/Academiejaar_25-26/EOS-Project/Vitis/EOS-PongGame/_ide/psinit/ps7_init.tcl
ps7_init
ps7_post_config
targets -set -nocase -filter {name =~ "*A9*#0"}
dow C:/ProjectenVivado/Academiejaar_25-26/EOS-Project/Vitis/EOS-PongGame/Debug/EOS-PongGame.elf
configparams force-mem-access 0
----------------End of Script----------------

21:53:26 INFO  : Context for processor 'ps7_cortexa9_0' is selected.
21:53:26 INFO  : 'con' command is executed.
21:53:26 INFO  : ----------------XSDB Script (After Launch)----------------
targets -set -nocase -filter {name =~ "*A9*#0"}
con
----------------End of Script----------------

21:53:26 INFO  : Launch script is exported to file 'C:\ProjectenVivado\Academiejaar_25-26\EOS-Project\Vitis\EOS-PongGame_system\_ide\scripts\debugger_eos-ponggame-default.tcl'
22:01:58 INFO  : Checking for BSP changes to sync application flags for project 'EOS-PongGame'...
22:02:06 INFO  : Connected to target on host '127.0.0.1' and port '3121'.
22:02:06 INFO  : Jtag cable 'Xilinx HW-FTDI-TEST FT2232H 1234-tulA' is selected.
22:02:06 INFO  : 'jtag frequency' command is executed.
22:02:06 INFO  : Context for 'APU' is selected.
22:02:06 INFO  : System reset is completed.
22:02:09 INFO  : 'after 3000' command is executed.
22:02:09 INFO  : 'targets -set -filter {jtag_cable_name =~ "Xilinx HW-FTDI-TEST FT2232H 1234-tulA" && level==0 && jtag_device_ctx=="jsn-HW-FTDI-TEST FT2232H-1234-tulA-23727093-0"}' command is executed.
22:02:11 INFO  : Device configured successfully with "C:/ProjectenVivado/Academiejaar_25-26/EOS-Project/Vitis/EOS-PongGame/_ide/bitstream/design_1_wrapper.bit"
22:02:11 INFO  : Context for 'APU' is selected.
22:02:11 INFO  : Hardware design and registers information is loaded from 'C:/ProjectenVivado/Academiejaar_25-26/EOS-Project/Vitis/EOS-Project/export/EOS-Project/hw/design_1_wrapper.xsa'.
22:02:11 INFO  : 'configparams force-mem-access 1' command is executed.
22:02:11 INFO  : Context for 'APU' is selected.
22:02:11 INFO  : Sourcing of 'C:/ProjectenVivado/Academiejaar_25-26/EOS-Project/Vitis/EOS-PongGame/_ide/psinit/ps7_init.tcl' is done.
22:02:12 INFO  : 'ps7_init' command is executed.
22:02:12 INFO  : 'ps7_post_config' command is executed.
22:02:12 INFO  : Context for processor 'ps7_cortexa9_0' is selected.
22:02:12 INFO  : The application 'C:/ProjectenVivado/Academiejaar_25-26/EOS-Project/Vitis/EOS-PongGame/Debug/EOS-PongGame.elf' is downloaded to processor 'ps7_cortexa9_0'.
22:02:12 INFO  : 'configparams force-mem-access 0' command is executed.
22:02:12 INFO  : ----------------XSDB Script----------------
connect -url tcp:127.0.0.1:3121
targets -set -nocase -filter {name =~"APU*"}
rst -system
after 3000
targets -set -filter {jtag_cable_name =~ "Xilinx HW-FTDI-TEST FT2232H 1234-tulA" && level==0 && jtag_device_ctx=="jsn-HW-FTDI-TEST FT2232H-1234-tulA-23727093-0"}
fpga -file C:/ProjectenVivado/Academiejaar_25-26/EOS-Project/Vitis/EOS-PongGame/_ide/bitstream/design_1_wrapper.bit
targets -set -nocase -filter {name =~"APU*"}
loadhw -hw C:/ProjectenVivado/Academiejaar_25-26/EOS-Project/Vitis/EOS-Project/export/EOS-Project/hw/design_1_wrapper.xsa -mem-ranges [list {0x40000000 0xbfffffff}] -regs
configparams force-mem-access 1
targets -set -nocase -filter {name =~"APU*"}
source C:/ProjectenVivado/Academiejaar_25-26/EOS-Project/Vitis/EOS-PongGame/_ide/psinit/ps7_init.tcl
ps7_init
ps7_post_config
targets -set -nocase -filter {name =~ "*A9*#0"}
dow C:/ProjectenVivado/Academiejaar_25-26/EOS-Project/Vitis/EOS-PongGame/Debug/EOS-PongGame.elf
configparams force-mem-access 0
----------------End of Script----------------

22:02:12 INFO  : Context for processor 'ps7_cortexa9_0' is selected.
22:02:12 INFO  : 'con' command is executed.
22:02:12 INFO  : ----------------XSDB Script (After Launch)----------------
targets -set -nocase -filter {name =~ "*A9*#0"}
con
----------------End of Script----------------

22:02:12 INFO  : Launch script is exported to file 'C:\ProjectenVivado\Academiejaar_25-26\EOS-Project\Vitis\EOS-PongGame_system\_ide\scripts\debugger_eos-ponggame-default.tcl'
22:08:27 INFO  : Checking for BSP changes to sync application flags for project 'EOS-PongGame'...
22:11:31 INFO  : Checking for BSP changes to sync application flags for project 'EOS-PongGame'...
22:13:58 INFO  : Checking for BSP changes to sync application flags for project 'EOS-PongGame'...
22:19:59 INFO  : Checking for BSP changes to sync application flags for project 'EOS-PongGame'...
22:20:25 INFO  : Connected to target on host '127.0.0.1' and port '3121'.
22:20:25 INFO  : Jtag cable 'Xilinx HW-FTDI-TEST FT2232H 1234-tulA' is selected.
22:20:25 INFO  : 'jtag frequency' command is executed.
22:20:25 INFO  : Context for 'APU' is selected.
22:20:25 INFO  : System reset is completed.
22:20:28 INFO  : 'after 3000' command is executed.
22:20:28 INFO  : 'targets -set -filter {jtag_cable_name =~ "Xilinx HW-FTDI-TEST FT2232H 1234-tulA" && level==0 && jtag_device_ctx=="jsn-HW-FTDI-TEST FT2232H-1234-tulA-23727093-0"}' command is executed.
22:20:31 INFO  : Device configured successfully with "C:/ProjectenVivado/Academiejaar_25-26/EOS-Project/Vitis/EOS-PongGame/_ide/bitstream/design_1_wrapper.bit"
22:20:31 INFO  : Context for 'APU' is selected.
22:20:31 INFO  : Hardware design and registers information is loaded from 'C:/ProjectenVivado/Academiejaar_25-26/EOS-Project/Vitis/EOS-Project/export/EOS-Project/hw/design_1_wrapper.xsa'.
22:20:31 INFO  : 'configparams force-mem-access 1' command is executed.
22:20:31 INFO  : Context for 'APU' is selected.
22:20:31 INFO  : Sourcing of 'C:/ProjectenVivado/Academiejaar_25-26/EOS-Project/Vitis/EOS-PongGame/_ide/psinit/ps7_init.tcl' is done.
22:20:31 INFO  : 'ps7_init' command is executed.
22:20:31 INFO  : 'ps7_post_config' command is executed.
22:20:31 INFO  : Context for processor 'ps7_cortexa9_0' is selected.
22:20:32 INFO  : The application 'C:/ProjectenVivado/Academiejaar_25-26/EOS-Project/Vitis/EOS-PongGame/Debug/EOS-PongGame.elf' is downloaded to processor 'ps7_cortexa9_0'.
22:20:32 INFO  : 'configparams force-mem-access 0' command is executed.
22:20:32 INFO  : ----------------XSDB Script----------------
connect -url tcp:127.0.0.1:3121
targets -set -nocase -filter {name =~"APU*"}
rst -system
after 3000
targets -set -filter {jtag_cable_name =~ "Xilinx HW-FTDI-TEST FT2232H 1234-tulA" && level==0 && jtag_device_ctx=="jsn-HW-FTDI-TEST FT2232H-1234-tulA-23727093-0"}
fpga -file C:/ProjectenVivado/Academiejaar_25-26/EOS-Project/Vitis/EOS-PongGame/_ide/bitstream/design_1_wrapper.bit
targets -set -nocase -filter {name =~"APU*"}
loadhw -hw C:/ProjectenVivado/Academiejaar_25-26/EOS-Project/Vitis/EOS-Project/export/EOS-Project/hw/design_1_wrapper.xsa -mem-ranges [list {0x40000000 0xbfffffff}] -regs
configparams force-mem-access 1
targets -set -nocase -filter {name =~"APU*"}
source C:/ProjectenVivado/Academiejaar_25-26/EOS-Project/Vitis/EOS-PongGame/_ide/psinit/ps7_init.tcl
ps7_init
ps7_post_config
targets -set -nocase -filter {name =~ "*A9*#0"}
dow C:/ProjectenVivado/Academiejaar_25-26/EOS-Project/Vitis/EOS-PongGame/Debug/EOS-PongGame.elf
configparams force-mem-access 0
----------------End of Script----------------

22:20:32 INFO  : Context for processor 'ps7_cortexa9_0' is selected.
22:20:32 INFO  : 'con' command is executed.
22:20:32 INFO  : ----------------XSDB Script (After Launch)----------------
targets -set -nocase -filter {name =~ "*A9*#0"}
con
----------------End of Script----------------

22:20:32 INFO  : Launch script is exported to file 'C:\ProjectenVivado\Academiejaar_25-26\EOS-Project\Vitis\EOS-PongGame_system\_ide\scripts\debugger_eos-ponggame-default.tcl'
22:21:56 INFO  : Checking for BSP changes to sync application flags for project 'EOS-PongGame'...
22:22:05 INFO  : Connected to target on host '127.0.0.1' and port '3121'.
22:22:05 INFO  : Jtag cable 'Xilinx HW-FTDI-TEST FT2232H 1234-tulA' is selected.
22:22:05 INFO  : 'jtag frequency' command is executed.
22:22:05 INFO  : Context for 'APU' is selected.
22:22:05 INFO  : System reset is completed.
22:22:08 INFO  : 'after 3000' command is executed.
22:22:08 INFO  : 'targets -set -filter {jtag_cable_name =~ "Xilinx HW-FTDI-TEST FT2232H 1234-tulA" && level==0 && jtag_device_ctx=="jsn-HW-FTDI-TEST FT2232H-1234-tulA-23727093-0"}' command is executed.
22:22:11 INFO  : Device configured successfully with "C:/ProjectenVivado/Academiejaar_25-26/EOS-Project/Vitis/EOS-PongGame/_ide/bitstream/design_1_wrapper.bit"
22:22:11 INFO  : Context for 'APU' is selected.
22:22:11 INFO  : Hardware design and registers information is loaded from 'C:/ProjectenVivado/Academiejaar_25-26/EOS-Project/Vitis/EOS-Project/export/EOS-Project/hw/design_1_wrapper.xsa'.
22:22:11 INFO  : 'configparams force-mem-access 1' command is executed.
22:22:11 INFO  : Context for 'APU' is selected.
22:22:11 INFO  : Sourcing of 'C:/ProjectenVivado/Academiejaar_25-26/EOS-Project/Vitis/EOS-PongGame/_ide/psinit/ps7_init.tcl' is done.
22:22:11 INFO  : 'ps7_init' command is executed.
22:22:11 INFO  : 'ps7_post_config' command is executed.
22:22:11 INFO  : Context for processor 'ps7_cortexa9_0' is selected.
22:22:12 INFO  : The application 'C:/ProjectenVivado/Academiejaar_25-26/EOS-Project/Vitis/EOS-PongGame/Debug/EOS-PongGame.elf' is downloaded to processor 'ps7_cortexa9_0'.
22:22:12 INFO  : 'configparams force-mem-access 0' command is executed.
22:22:12 INFO  : ----------------XSDB Script----------------
connect -url tcp:127.0.0.1:3121
targets -set -nocase -filter {name =~"APU*"}
rst -system
after 3000
targets -set -filter {jtag_cable_name =~ "Xilinx HW-FTDI-TEST FT2232H 1234-tulA" && level==0 && jtag_device_ctx=="jsn-HW-FTDI-TEST FT2232H-1234-tulA-23727093-0"}
fpga -file C:/ProjectenVivado/Academiejaar_25-26/EOS-Project/Vitis/EOS-PongGame/_ide/bitstream/design_1_wrapper.bit
targets -set -nocase -filter {name =~"APU*"}
loadhw -hw C:/ProjectenVivado/Academiejaar_25-26/EOS-Project/Vitis/EOS-Project/export/EOS-Project/hw/design_1_wrapper.xsa -mem-ranges [list {0x40000000 0xbfffffff}] -regs
configparams force-mem-access 1
targets -set -nocase -filter {name =~"APU*"}
source C:/ProjectenVivado/Academiejaar_25-26/EOS-Project/Vitis/EOS-PongGame/_ide/psinit/ps7_init.tcl
ps7_init
ps7_post_config
targets -set -nocase -filter {name =~ "*A9*#0"}
dow C:/ProjectenVivado/Academiejaar_25-26/EOS-Project/Vitis/EOS-PongGame/Debug/EOS-PongGame.elf
configparams force-mem-access 0
----------------End of Script----------------

22:22:12 INFO  : Context for processor 'ps7_cortexa9_0' is selected.
22:22:12 INFO  : 'con' command is executed.
22:22:12 INFO  : ----------------XSDB Script (After Launch)----------------
targets -set -nocase -filter {name =~ "*A9*#0"}
con
----------------End of Script----------------

22:22:12 INFO  : Launch script is exported to file 'C:\ProjectenVivado\Academiejaar_25-26\EOS-Project\Vitis\EOS-PongGame_system\_ide\scripts\debugger_eos-ponggame-default.tcl'
22:27:44 INFO  : Disconnected from the channel tcfchan#4.
22:27:44 WARN  : channel "tcfchan#4" closed
22:27:44 WARN  : channel "tcfchan#2" closed
22:27:44 WARN  : channel "tcfchan#4" closed
22:27:44 WARN  : channel "tcfchan#4" closed
22:27:44 WARN  : channel "tcfchan#4" closed
22:27:44 WARN  : channel "tcfchan#4" closed
22:27:44 WARN  : channel "tcfchan#4" closed
22:27:44 WARN  : channel "tcfchan#4" closed
22:27:44 WARN  : channel "tcfchan#4" closed
22:27:44 WARN  : channel "tcfchan#4" closed
22:27:44 WARN  : channel "tcfchan#4" closed
